#
# A fatal error has been detected by the Java Runtime Environment:
#
#  SIGSEGV (0xb) at pc=0x00007f8168c423fa, pid=10940, tid=140193526277888
#
# JRE version: Java(TM) SE Runtime Environment (8.0_25-b17) (build 1.8.0_25-b17)
# Java VM: Java HotSpot(TM) 64-Bit Server VM (25.25-b02 mixed mode linux-amd64 compressed oops)
# Problematic frame:
# v  ~BufferBlob::jni_fast_GetLongField
#
# Failed to write core dump. Core dumps have been disabled. To enable core dumping, try "ulimit -c unlimited" before starting Java again
#
# If you would like to submit a bug report, please visit:
#   http://bugreport.sun.com/bugreport/crash.jsp
# The crash happened outside the Java Virtual Machine in native code.
# See problematic frame for where to report the bug.
#

---------------  T H R E A D  ---------------

Current thread (0x00007f817826e800):  JavaThread "AWT-XAWT" daemon [_thread_in_native, id=10961, stack(0x00007f8159456000,0x00007f8159557000)]

siginfo: si_signo: 11 (SIGSEGV), si_code: 1 (SEGV_MAPERR), si_addr: 0x0000000000000000

Registers:
RAX=0x00007f817df90340, RBX=0x00007f817826e9e8, RCX=0x00007f817e9ea320, RDX=0x0000000000000042
RSP=0x00007f81595556f8, RBP=0x00007f8159555720, RSI=0x0000000000000000, RDI=0x00007f817826e9e8
R8 =0x0000000000000005, R9 =0x0000000000000000, R10=0x0000000000000018, R11=0x00007f8168e85a98
R12=0x00007f81200107e0, R13=0x0000000000000000, R14=0x00007f815b2df7c0, R15=0x00007f817826e800
RIP=0x00007f8168c423fa, EFLAGS=0x0000000000010246, CSGSFS=0x0000000000000033, ERR=0x0000000000000004
  TRAPNO=0x000000000000000e

Top of Stack: (sp=0x00007f81595556f8)
0x00007f81595556f8:   00007f815b0be0a1 00007f8161b5d070
0x00007f8159555708:   00007f81200107e0 00007f81595557d0
0x00007f8159555718:   00007f81595557a0 0000000000000000
0x00007f8159555728:   00007f815aba1ae8 00007f8161b5d070
0x00007f8159555738:   00007f8159555760 0000000000000000
0x00007f8159555748:   00007f815ab999a3 00007f81595557d0
0x00007f8159555758:   00007f815b0b739f 00007f81595557b0
0x00007f8159555768:   00007f8168e85b36 0000000000000000
0x00007f8159555778:   00007f8168db76f6 00007f81595557d0
0x00007f8159555788:   00007f8168d53cec 00007f8159555830
0x00007f8159555798:   00000000ec057150 00000000ebfd9d88
0x00007f81595557a8:   0000000000000001 00007f8159555830
0x00007f81595557b8:   00007f8168be0160 00007f8159555830
0x00007f81595557c8:   00007f8168be0160 0000000000000000
0x00007f81595557d8:   00007f8168be04a0 00007f8128000ea0
0x00007f81595557e8:   00000000ec17b4d0 00007f81595557f0
0x00007f81595557f8:   00007f8161c38b1c 00007f8159555878
0x00007f8159555808:   00007f8161c41b40 0000000000000000
0x00007f8159555818:   00007f8161c38c50 00007f81595557d0
0x00007f8159555828:   00007f8159555870 00007f81595558c0
0x00007f8159555838:   00007f8168be098d 0000000000000000
0x00007f8159555848:   00000000ec2659c0 0000000000000000
0x00007f8159555858:   0000000000000000 0000000000000000
0x00007f8159555868:   00000000ec17b4d0 0000000000000000
0x00007f8159555878:   00000000ec1283b0 00007f8159555880
0x00007f8159555888:   00007f8161c3895d 00007f81595558d0
0x00007f8159555898:   00007f8161c41b40 0000000000000000
0x00007f81595558a8:   00007f8161c38968 00007f8159555870
0x00007f81595558b8:   00007f81595558d0 00007f8159555918
0x00007f81595558c8:   00007f8168be09d2 00000000ec1283b0
0x00007f81595558d8:   00007f81595558d8 00007f816182a48b
0x00007f81595558e8:   00007f8159555928 00007f816189d370 

Instructions: (pc=0x00007f8168c423fa)
0x00007f8168c423da:   00 00 00 00 00 00 44 8b 15 01 54 38 15 4c 8b ce
0x00007f8168c423ea:   41 f6 c2 01 0f 85 2e 00 00 00 4d 33 ca 4d 33 ca
0x00007f8168c423fa:   4d 8b 09 4c 8b da 49 c1 eb 02 4b 8b 04 19 49 bb
0x00007f8168c4240a:   e8 77 fc 7d 81 7f 00 00 4c 33 d8 4c 33 d8 45 3b 

Register to memory mapping:

RAX=0x00007f817df90340: <offset 0xf23340> in /opt/jre1.8.0_25/lib/amd64/server/libjvm.so at 0x00007f817d06d000
RBX=0x00007f817826e9e8 is an unknown value
RCX=0x00007f817e9ea320: <offset 0x219320> in /lib/x86_64-linux-gnu/libpthread.so.0 at 0x00007f817e7d1000
RDX=0x0000000000000042 is an unknown value
RSP=0x00007f81595556f8 is pointing into the stack for thread: 0x00007f817826e800
RBP=0x00007f8159555720 is pointing into the stack for thread: 0x00007f817826e800
RSI=0x0000000000000000 is an unknown value
RDI=0x00007f817826e9e8 is an unknown value
R8 =0x0000000000000005 is an unknown value
R9 =0x0000000000000000 is an unknown value
R10=0x0000000000000018 is an unknown value
R11=0x00007f8168e85a98 is at entry_point+24 in (nmethod*)0x00007f8168e85910
R12=0x00007f81200107e0 is an unknown value
R13=0x0000000000000000 is an unknown value
R14=0x00007f815b2df7c0: <offset 0x2587c0> in /opt/jre1.8.0_25/lib/amd64/libawt_xawt.so at 0x00007f815b087000
R15=0x00007f817826e800 is a thread


Stack: [0x00007f8159456000,0x00007f8159557000],  sp=0x00007f81595556f8,  free space=1021k
Native frames: (J=compiled Java code, j=interpreted, Vv=VM code, C=native code)
v  ~BufferBlob::jni_fast_GetLongField
C  [libX11.so.6+0x61ae8]  _XimServerDestroy+0x58

Java frames: (J=compiled Java code, j=interpreted, Vv=VM code)
J 718  sun.awt.X11.XlibWrapper.XFilterEvent(JJ)Z (0 bytes) @ 0x00007f8168e85ac4 [0x00007f8168e85a80+0x44]
j  sun.awt.X11.XToolkit.run(Z)V+300
j  sun.awt.X11.XToolkit.run()V+5
j  java.lang.Thread.run()V+11
v  ~StubRoutines::call_stub

---------------  P R O C E S S  ---------------

Java Threads: ( => current thread )
  0x00007f812001c800 JavaThread "TimerQueue" daemon [_thread_blocked, id=10964, stack(0x00007f81588ac000,0x00007f81589ad000)]
  0x00007f8178009800 JavaThread "DestroyJavaVM" [_thread_blocked, id=10945, stack(0x00007f817eaee000,0x00007f817ebef000)]
  0x00007f8178307000 JavaThread "AWT-EventQueue-0" [_thread_blocked, id=10963, stack(0x00007f81589ad000,0x00007f8158aae000)]
  0x00007f81782c7000 JavaThread "AWT-Shutdown" [_thread_blocked, id=10962, stack(0x00007f8159355000,0x00007f8159456000)]
=>0x00007f817826e800 JavaThread "AWT-XAWT" daemon [_thread_in_native, id=10961, stack(0x00007f8159456000,0x00007f8159557000)]
  0x00007f8178225800 JavaThread "Java2D Disposer" daemon [_thread_blocked, id=10960, stack(0x00007f8159967000,0x00007f8159a68000)]
  0x00007f81780c8000 JavaThread "Service Thread" daemon [_thread_blocked, id=10958, stack(0x00007f815b6b3000,0x00007f815b7b4000)]
  0x00007f81780af800 JavaThread "C1 CompilerThread2" daemon [_thread_blocked, id=10957, stack(0x00007f8160012000,0x00007f8160113000)]
  0x00007f81780ae000 JavaThread "C2 CompilerThread1" daemon [_thread_blocked, id=10956, stack(0x00007f8160113000,0x00007f8160214000)]
  0x00007f81780ab000 JavaThread "C2 CompilerThread0" daemon [_thread_blocked, id=10955, stack(0x00007f8160214000,0x00007f8160315000)]
  0x00007f81780a9000 JavaThread "Signal Dispatcher" daemon [_thread_blocked, id=10954, stack(0x00007f8160315000,0x00007f8160416000)]
  0x00007f817807c000 JavaThread "Finalizer" daemon [_thread_blocked, id=10952, stack(0x00007f8160416000,0x00007f8160517000)]
  0x00007f817807a000 JavaThread "Reference Handler" daemon [_thread_blocked, id=10951, stack(0x00007f8160517000,0x00007f8160618000)]

Other Threads:
  0x00007f8178072800 VMThread [stack: 0x00007f8160618000,0x00007f8160719000] [id=10950]
  0x00007f81780c9800 WatcherThread [stack: 0x00007f815b5b2000,0x00007f815b6b3000] [id=10959]

VM state:not at safepoint (normal execution)

VM Mutex/Monitor currently owned by a thread: None

Heap:
 PSYoungGen      total 18432K, used 6351K [0x00000000ebf00000, 0x00000000ed380000, 0x0000000100000000)
  eden space 15872K, 40% used [0x00000000ebf00000,0x00000000ec533c48,0x00000000ece80000)
  from space 2560K, 0% used [0x00000000ed100000,0x00000000ed100000,0x00000000ed380000)
  to   space 2560K, 0% used [0x00000000ece80000,0x00000000ece80000,0x00000000ed100000)
 ParOldGen       total 42496K, used 0K [0x00000000c3c00000, 0x00000000c6580000, 0x00000000ebf00000)
  object space 42496K, 0% used [0x00000000c3c00000,0x00000000c3c00000,0x00000000c6580000)
 Metaspace       used 11165K, capacity 11310K, committed 11392K, reserved 1058816K
  class space    used 1307K, capacity 1377K, committed 1408K, reserved 1048576K

Card table byte_map: [0x00007f8168636000,0x00007f8168819000] byte_map_base: 0x00007f8168018000

Marking Bits: (ParMarkBitMap*) 0x00007f817dfc72c0
 Begin Bits: [0x00007f81621e0000, 0x00007f81630f0000)
 End Bits:   [0x00007f81630f0000, 0x00007f8164000000)

Polling page: 0x00007f817ec0e000

CodeCache: size=245760Kb used=2904Kb max_used=2916Kb free=242855Kb
 bounds [0x00007f8168bd9000, 0x00007f8168eb9000, 0x00007f8177bd9000]
 total_blobs=1245 nmethods=727 adapters=433
 compilation: enabled

Compilation events (10 events):
Event: 1187,085 Thread 0x00007f81780af800  726       3       sun.awt.X11.XDragSourceContextPeer::processProxyModeEvent (120 bytes)
Event: 1187,288 Thread 0x00007f81780af800 nmethod 726 0x00007f8168eaefd0 code [0x00007f8168eaf380, 0x00007f8168eb13e8]
Event: 1187,288 Thread 0x00007f81780af800  727       3       sun.awt.X11.XDragSourceContextPeer::getProxyModeSourceWindow (5 bytes)
Event: 1187,288 Thread 0x00007f81780af800 nmethod 727 0x00007f8168e85610 code [0x00007f8168e85760, 0x00007f8168e858b0]
Event: 1187,288 Thread 0x00007f81780af800  728       3       sun.awt.X11.XEvent::getPData (5 bytes)
Event: 1187,288 Thread 0x00007f81780af800 nmethod 728 0x00007f8168e895d0 code [0x00007f8168e89720, 0x00007f8168e89870]
Event: 1190,488 Thread 0x00007f81780af800  729       3       java.lang.Long::equals (30 bytes)
Event: 1190,488 Thread 0x00007f81780af800 nmethod 729 0x00007f8168e88e90 code [0x00007f8168e89020, 0x00007f8168e894f0]
Event: 1536,276 Thread 0x00007f81780ae000  730       4       java.util.HashMap::get (23 bytes)
Event: 1537,036 Thread 0x00007f81780ae000 nmethod 730 0x00007f8168ead410 code [0x00007f8168ead580, 0x00007f8168ead838]

GC Heap History (0 events):
No events

Deoptimization events (4 events):
Event: 3,170 Thread 0x00007f8178307000 Uncommon trap: reason=class_check action=maybe_recompile pc=0x00007f8168d78270 method=java.lang.String.equals(Ljava/lang/Object;)Z @ 8
Event: 3,189 Thread 0x00007f8178307000 Uncommon trap: reason=class_check action=maybe_recompile pc=0x00007f8168d78270 method=java.lang.String.equals(Ljava/lang/Object;)Z @ 8
Event: 3,278 Thread 0x00007f8178307000 Uncommon trap: reason=class_check action=maybe_recompile pc=0x00007f8168d78270 method=java.lang.String.equals(Ljava/lang/Object;)Z @ 8
Event: 3,278 Thread 0x00007f8178307000 Uncommon trap: reason=class_check action=maybe_recompile pc=0x00007f8168d78270 method=java.lang.String.equals(Ljava/lang/Object;)Z @ 8

Internal exceptions (10 events):
Event: 0,222 Thread 0x00007f8178009800 Exception <a 'java/lang/NoSuchFieldError': method resolution failed> (0x00000000ec0ea118) thrown at [/HUDSON/workspace/8-2-build-linux-amd64/jdk8u25/1514/hotspot/src/share/vm/prims/methodHandles.cpp, line 1159]
Event: 0,288 Thread 0x00007f8178009800 Exception <a 'java/security/PrivilegedActionException'> (0x00000000ec1d76d8) thrown at [/HUDSON/workspace/8-2-build-linux-amd64/jdk8u25/1514/hotspot/src/share/vm/prims/jvm.cpp, line 1312]
Event: 0,288 Thread 0x00007f8178009800 Exception <a 'java/security/PrivilegedActionException'> (0x00000000ec1d8820) thrown at [/HUDSON/workspace/8-2-build-linux-amd64/jdk8u25/1514/hotspot/src/share/vm/prims/jvm.cpp, line 1312]
Event: 0,289 Thread 0x00007f8178009800 Exception <a 'java/security/PrivilegedActionException'> (0x00000000ec1da078) thrown at [/HUDSON/workspace/8-2-build-linux-amd64/jdk8u25/1514/hotspot/src/share/vm/prims/jvm.cpp, line 1312]
Event: 0,289 Thread 0x00007f8178009800 Exception <a 'java/security/PrivilegedActionException'> (0x00000000ec1db200) thrown at [/HUDSON/workspace/8-2-build-linux-amd64/jdk8u25/1514/hotspot/src/share/vm/prims/jvm.cpp, line 1312]
Event: 0,291 Thread 0x00007f8178009800 Exception <a 'java/security/PrivilegedActionException'> (0x00000000ec1dfc58) thrown at [/HUDSON/workspace/8-2-build-linux-amd64/jdk8u25/1514/hotspot/src/share/vm/prims/jvm.cpp, line 1312]
Event: 0,291 Thread 0x00007f8178009800 Exception <a 'java/security/PrivilegedActionException'> (0x00000000ec1e0da0) thrown at [/HUDSON/workspace/8-2-build-linux-amd64/jdk8u25/1514/hotspot/src/share/vm/prims/jvm.cpp, line 1312]
Event: 0,291 Thread 0x00007f8178009800 Exception <a 'java/security/PrivilegedActionException'> (0x00000000ec1e25f8) thrown at [/HUDSON/workspace/8-2-build-linux-amd64/jdk8u25/1514/hotspot/src/share/vm/prims/jvm.cpp, line 1312]
Event: 0,291 Thread 0x00007f8178009800 Exception <a 'java/security/PrivilegedActionException'> (0x00000000ec1e3780) thrown at [/HUDSON/workspace/8-2-build-linux-amd64/jdk8u25/1514/hotspot/src/share/vm/prims/jvm.cpp, line 1312]
Event: 0,671 Thread 0x00007f8178307000 Exception <a 'java/lang/UnsupportedOperationException': > (0x00000000ec3b3e18) thrown at [/HUDSON/workspace/8-2-build-linux-amd64/jdk8u25/1514/hotspot/src/share/vm/prims/jni.cpp, line 742]

Events (10 events):
Event: 6,225 loading class sun/awt/SunToolkit$1
Event: 6,225 loading class sun/awt/SunToolkit$1 done
Event: 6,225 loading class sun/awt/X11/XUnmapEvent
Event: 6,225 loading class sun/awt/X11/XUnmapEvent done
Event: 1527,562 loading class sun/awt/X11/XkbEvent
Event: 1530,775 loading class sun/awt/X11/XkbEvent done
Event: 1530,775 loading class sun/awt/X11/XkbAnyEvent
Event: 1530,997 loading class sun/awt/X11/XkbAnyEvent done
Event: 1541,155 loading class sun/awt/X11/XDestroyWindowEvent
Event: 1542,919 loading class sun/awt/X11/XDestroyWindowEvent done


Dynamic libraries:
00400000-00401000 r-xp 00000000 08:02 58327908                           /opt/jre1.8.0_25/bin/java
00600000-00601000 rw-p 00000000 08:02 58327908                           /opt/jre1.8.0_25/bin/java
00865000-00886000 rw-p 00000000 00:00 0                                  [heap]
c3c00000-c6580000 rw-p 00000000 00:00 0 
c6580000-ebf00000 ---p 00000000 00:00 0 
ebf00000-ed380000 rw-p 00000000 00:00 0 
ed380000-100000000 ---p 00000000 00:00 0 
100000000-100160000 rw-p 00000000 00:00 0 
100160000-140000000 ---p 00000000 00:00 0 
7f8114000000-7f811427b000 rw-p 00000000 00:00 0 
7f811427b000-7f8118000000 ---p 00000000 00:00 0 
7f811c000000-7f811c021000 rw-p 00000000 00:00 0 
7f811c021000-7f8120000000 ---p 00000000 00:00 0 
7f8120000000-7f8120037000 rw-p 00000000 00:00 0 
7f8120037000-7f8124000000 ---p 00000000 00:00 0 
7f8124000000-7f8124021000 rw-p 00000000 00:00 0 
7f8124021000-7f8128000000 ---p 00000000 00:00 0 
7f8128000000-7f8128280000 rw-p 00000000 00:00 0 
7f8128280000-7f812c000000 ---p 00000000 00:00 0 
7f812c000000-7f812c021000 rw-p 00000000 00:00 0 
7f812c021000-7f8130000000 ---p 00000000 00:00 0 
7f8130000000-7f8130021000 rw-p 00000000 00:00 0 
7f8130021000-7f8134000000 ---p 00000000 00:00 0 
7f8134000000-7f8134092000 rw-p 00000000 00:00 0 
7f8134092000-7f8138000000 ---p 00000000 00:00 0 
7f8138000000-7f813864c000 rw-p 00000000 00:00 0 
7f813864c000-7f813c000000 ---p 00000000 00:00 0 
7f813c000000-7f813c021000 rw-p 00000000 00:00 0 
7f813c021000-7f8140000000 ---p 00000000 00:00 0 
7f8140000000-7f8140086000 rw-p 00000000 00:00 0 
7f8140086000-7f8144000000 ---p 00000000 00:00 0 
7f8144000000-7f8144021000 rw-p 00000000 00:00 0 
7f8144021000-7f8148000000 ---p 00000000 00:00 0 
7f8148000000-7f8148021000 rw-p 00000000 00:00 0 
7f8148021000-7f814c000000 ---p 00000000 00:00 0 
7f814c000000-7f814c021000 rw-p 00000000 00:00 0 
7f814c021000-7f8150000000 ---p 00000000 00:00 0 
7f8150000000-7f8150021000 rw-p 00000000 00:00 0 
7f8150021000-7f8154000000 ---p 00000000 00:00 0 
7f8154000000-7f8154021000 rw-p 00000000 00:00 0 
7f8154021000-7f8158000000 ---p 00000000 00:00 0 
7f81588ac000-7f81588af000 ---p 00000000 00:00 0 
7f81588af000-7f81589ad000 rw-p 00000000 00:00 0                          [stack:10964]
7f81589ad000-7f81589b0000 ---p 00000000 00:00 0 
7f81589b0000-7f8158aae000 rw-p 00000000 00:00 0                          [stack:10963]
7f8158aae000-7f8158b17000 r-xp 00000000 08:02 58327778                   /opt/jre1.8.0_25/lib/amd64/libt2k.so
7f8158b17000-7f8158d16000 ---p 00069000 08:02 58327778                   /opt/jre1.8.0_25/lib/amd64/libt2k.so
7f8158d16000-7f8158d1d000 rw-p 00068000 08:02 58327778                   /opt/jre1.8.0_25/lib/amd64/libt2k.so
7f8158d1d000-7f8158d2d000 rw-p 00000000 00:00 0 
7f8158d2d000-7f8158d3e000 r-xp 00000000 08:02 58327799                   /opt/jre1.8.0_25/lib/amd64/libnio.so
7f8158d3e000-7f8158f3d000 ---p 00011000 08:02 58327799                   /opt/jre1.8.0_25/lib/amd64/libnio.so
7f8158f3d000-7f8158f3e000 rw-p 00010000 08:02 58327799                   /opt/jre1.8.0_25/lib/amd64/libnio.so
7f8158f3e000-7f8158f54000 r-xp 00000000 08:02 58327775                   /opt/jre1.8.0_25/lib/amd64/libnet.so
7f8158f54000-7f8159154000 ---p 00016000 08:02 58327775                   /opt/jre1.8.0_25/lib/amd64/libnet.so
7f8159154000-7f8159155000 rw-p 00016000 08:02 58327775                   /opt/jre1.8.0_25/lib/amd64/libnet.so
7f8159155000-7f8159315000 rw-p 00000000 00:00 0 
7f8159315000-7f8159355000 ---p 00000000 00:00 0 
7f8159355000-7f8159358000 ---p 00000000 00:00 0 
7f8159358000-7f8159456000 rw-p 00000000 00:00 0                          [stack:10962]
7f8159456000-7f8159459000 ---p 00000000 00:00 0 
7f8159459000-7f8159557000 rw-p 00000000 00:00 0                          [stack:10961]
7f8159557000-7f815955c000 r-xp 00000000 08:02 52698511                   /usr/lib/x86_64-linux-gnu/libXfixes.so.3.1.0
7f815955c000-7f815975b000 ---p 00005000 08:02 52698511                   /usr/lib/x86_64-linux-gnu/libXfixes.so.3.1.0
7f815975b000-7f815975c000 r--p 00004000 08:02 52698511                   /usr/lib/x86_64-linux-gnu/libXfixes.so.3.1.0
7f815975c000-7f815975d000 rw-p 00005000 08:02 52698511                   /usr/lib/x86_64-linux-gnu/libXfixes.so.3.1.0
7f815975d000-7f8159766000 r-xp 00000000 08:02 52698503                   /usr/lib/x86_64-linux-gnu/libXcursor.so.1.0.2
7f8159766000-7f8159965000 ---p 00009000 08:02 52698503                   /usr/lib/x86_64-linux-gnu/libXcursor.so.1.0.2
7f8159965000-7f8159966000 r--p 00008000 08:02 52698503                   /usr/lib/x86_64-linux-gnu/libXcursor.so.1.0.2
7f8159966000-7f8159967000 rw-p 00009000 08:02 52698503                   /usr/lib/x86_64-linux-gnu/libXcursor.so.1.0.2
7f8159967000-7f815996a000 ---p 00000000 00:00 0 
7f815996a000-7f8159a68000 rw-p 00000000 00:00 0                          [stack:10960]
7f8159a68000-7f8159a7e000 r-xp 00000000 08:02 24121190                   /lib/x86_64-linux-gnu/libgcc_s.so.1
7f8159a7e000-7f8159c7d000 ---p 00016000 08:02 24121190                   /lib/x86_64-linux-gnu/libgcc_s.so.1
7f8159c7d000-7f8159c7e000 rw-p 00015000 08:02 24121190                   /lib/x86_64-linux-gnu/libgcc_s.so.1
7f8159c7e000-7f8159ce2000 r-xp 00000000 08:02 58327779                   /opt/jre1.8.0_25/lib/amd64/libfontmanager.so
7f8159ce2000-7f8159ee2000 ---p 00064000 08:02 58327779                   /opt/jre1.8.0_25/lib/amd64/libfontmanager.so
7f8159ee2000-7f8159ee6000 rw-p 00064000 08:02 58327779                   /opt/jre1.8.0_25/lib/amd64/libfontmanager.so
7f8159ee6000-7f8159ef7000 rw-p 00000000 00:00 0 
7f8159ef7000-7f8159efc000 r-xp 00000000 08:02 52698507                   /usr/lib/x86_64-linux-gnu/libXdmcp.so.6.0.0
7f8159efc000-7f815a0fb000 ---p 00005000 08:02 52698507                   /usr/lib/x86_64-linux-gnu/libXdmcp.so.6.0.0
7f815a0fb000-7f815a0fc000 r--p 00004000 08:02 52698507                   /usr/lib/x86_64-linux-gnu/libXdmcp.so.6.0.0
7f815a0fc000-7f815a0fd000 rw-p 00005000 08:02 52698507                   /usr/lib/x86_64-linux-gnu/libXdmcp.so.6.0.0
7f815a0fd000-7f815a0ff000 r-xp 00000000 08:02 52698496                   /usr/lib/x86_64-linux-gnu/libXau.so.6.0.0
7f815a0ff000-7f815a2ff000 ---p 00002000 08:02 52698496                   /usr/lib/x86_64-linux-gnu/libXau.so.6.0.0
7f815a2ff000-7f815a300000 r--p 00002000 08:02 52698496                   /usr/lib/x86_64-linux-gnu/libXau.so.6.0.0
7f815a300000-7f815a301000 rw-p 00003000 08:02 52698496                   /usr/lib/x86_64-linux-gnu/libXau.so.6.0.0
7f815a301000-7f815a31e000 r-xp 00000000 08:02 52699566                   /usr/lib/x86_64-linux-gnu/libxcb.so.1.1.0
7f815a31e000-7f815a51e000 ---p 0001d000 08:02 52699566                   /usr/lib/x86_64-linux-gnu/libxcb.so.1.1.0
7f815a51e000-7f815a51f000 r--p 0001d000 08:02 52699566                   /usr/lib/x86_64-linux-gnu/libxcb.so.1.1.0
7f815a51f000-7f815a520000 rw-p 0001e000 08:02 52699566                   /usr/lib/x86_64-linux-gnu/libxcb.so.1.1.0
7f815a520000-7f815a52f000 r-xp 00000000 08:02 52698517                   /usr/lib/x86_64-linux-gnu/libXi.so.6.1.0
7f815a52f000-7f815a72e000 ---p 0000f000 08:02 52698517                   /usr/lib/x86_64-linux-gnu/libXi.so.6.1.0
7f815a72e000-7f815a72f000 r--p 0000e000 08:02 52698517                   /usr/lib/x86_64-linux-gnu/libXi.so.6.1.0
7f815a72f000-7f815a730000 rw-p 0000f000 08:02 52698517                   /usr/lib/x86_64-linux-gnu/libXi.so.6.1.0
7f815a730000-7f815a735000 r-xp 00000000 08:02 52698537                   /usr/lib/x86_64-linux-gnu/libXtst.so.6.1.0
7f815a735000-7f815a934000 ---p 00005000 08:02 52698537                   /usr/lib/x86_64-linux-gnu/libXtst.so.6.1.0
7f815a934000-7f815a935000 r--p 00004000 08:02 52698537                   /usr/lib/x86_64-linux-gnu/libXtst.so.6.1.0
7f815a935000-7f815a936000 rw-p 00005000 08:02 52698537                   /usr/lib/x86_64-linux-gnu/libXtst.so.6.1.0
7f815a936000-7f815a93f000 r-xp 00000000 08:02 52698531                   /usr/lib/x86_64-linux-gnu/libXrender.so.1.3.0
7f815a93f000-7f815ab3e000 ---p 00009000 08:02 52698531                   /usr/lib/x86_64-linux-gnu/libXrender.so.1.3.0
7f815ab3e000-7f815ab3f000 r--p 00008000 08:02 52698531                   /usr/lib/x86_64-linux-gnu/libXrender.so.1.3.0
7f815ab3f000-7f815ab40000 rw-p 00009000 08:02 52698531                   /usr/lib/x86_64-linux-gnu/libXrender.so.1.3.0
7f815ab40000-7f815ac70000 r-xp 00000000 08:02 52698492                   /usr/lib/x86_64-linux-gnu/libX11.so.6.3.0
7f815ac70000-7f815ae70000 ---p 00130000 08:02 52698492                   /usr/lib/x86_64-linux-gnu/libX11.so.6.3.0
7f815ae70000-7f815ae71000 r--p 00130000 08:02 52698492                   /usr/lib/x86_64-linux-gnu/libX11.so.6.3.0
7f815ae71000-7f815ae75000 rw-p 00131000 08:02 52698492                   /usr/lib/x86_64-linux-gnu/libX11.so.6.3.0
7f815ae75000-7f815ae86000 r-xp 00000000 08:02 52698509                   /usr/lib/x86_64-linux-gnu/libXext.so.6.4.0
7f815ae86000-7f815b085000 ---p 00011000 08:02 52698509                   /usr/lib/x86_64-linux-gnu/libXext.so.6.4.0
7f815b085000-7f815b086000 r--p 00010000 08:02 52698509                   /usr/lib/x86_64-linux-gnu/libXext.so.6.4.0
7f815b086000-7f815b087000 rw-p 00011000 08:02 52698509                   /usr/lib/x86_64-linux-gnu/libXext.so.6.4.0
7f815b087000-7f815b0db000 r-xp 00000000 08:02 58327787                   /opt/jre1.8.0_25/lib/amd64/libawt_xawt.so
7f815b0db000-7f815b2db000 ---p 00054000 08:02 58327787                   /opt/jre1.8.0_25/lib/amd64/libawt_xawt.so
7f815b2db000-7f815b2df000 rw-p 00054000 08:02 58327787                   /opt/jre1.8.0_25/lib/amd64/libawt_xawt.so
7f815b2df000-7f815b2e0000 rw-p 00000000 00:00 0 
7f815b2e0000-7f815b382000 r-xp 00000000 08:02 58327793                   /opt/jre1.8.0_25/lib/amd64/libawt.so
7f815b382000-7f815b582000 ---p 000a2000 08:02 58327793                   /opt/jre1.8.0_25/lib/amd64/libawt.so
7f815b582000-7f815b58e000 rw-p 000a2000 08:02 58327793                   /opt/jre1.8.0_25/lib/amd64/libawt.so
7f815b58e000-7f815b5b2000 rw-p 00000000 00:00 0 
7f815b5b2000-7f815b5b3000 ---p 00000000 00:00 0 
7f815b5b3000-7f815b6b3000 rw-p 00000000 00:00 0                          [stack:10959]
7f815b6b3000-7f815b6b6000 ---p 00000000 00:00 0 
7f815b6b6000-7f815b7b4000 rw-p 00000000 00:00 0                          [stack:10958]
7f815b7b4000-7f815c000000 r--p 00000000 08:02 52697607                   /usr/lib/locale/locale-archive
7f815c000000-7f815c021000 rw-p 00000000 00:00 0 
7f815c021000-7f8160000000 ---p 00000000 00:00 0 
7f8160012000-7f8160015000 ---p 00000000 00:00 0 
7f8160015000-7f8160113000 rw-p 00000000 00:00 0                          [stack:10957]
7f8160113000-7f8160116000 ---p 00000000 00:00 0 
7f8160116000-7f8160214000 rw-p 00000000 00:00 0                          [stack:10956]
7f8160214000-7f8160217000 ---p 00000000 00:00 0 
7f8160217000-7f8160315000 rw-p 00000000 00:00 0                          [stack:10955]
7f8160315000-7f8160318000 ---p 00000000 00:00 0 
7f8160318000-7f8160416000 rw-p 00000000 00:00 0                          [stack:10954]
7f8160416000-7f8160419000 ---p 00000000 00:00 0 
7f8160419000-7f8160517000 rw-p 00000000 00:00 0                          [stack:10952]
7f8160517000-7f816051a000 ---p 00000000 00:00 0 
7f816051a000-7f8160618000 rw-p 00000000 00:00 0                          [stack:10951]
7f8160618000-7f8160619000 ---p 00000000 00:00 0 
7f8160619000-7f8161628000 rw-p 00000000 00:00 0                          [stack:10950]
7f8161628000-7f81617fe000 r--s 03caa000 08:02 58327817                   /opt/jre1.8.0_25/lib/rt.jar
7f81617fe000-7f8164000000 rw-p 00000000 00:00 0 
7f8164000000-7f8164021000 rw-p 00000000 00:00 0 
7f8164021000-7f8168000000 ---p 00000000 00:00 0 
7f816804d000-7f816807e000 rw-p 00000000 00:00 0 
7f816807e000-7f81680ae000 r--p 00000000 08:02 57151065                   /usr/share/locale-langpack/uk/LC_MESSAGES/libc.mo
7f81680ae000-7f81680f0000 rw-p 00000000 00:00 0 
7f81680f0000-7f81680f1000 ---p 00000000 00:00 0 
7f81680f1000-7f81681f1000 rw-p 00000000 00:00 0                          [stack:10949]
7f81681f1000-7f81681f2000 ---p 00000000 00:00 0 
7f81681f2000-7f81682f2000 rw-p 00000000 00:00 0                          [stack:10948]
7f81682f2000-7f81682f3000 ---p 00000000 00:00 0 
7f81682f3000-7f81683f3000 rw-p 00000000 00:00 0                          [stack:10947]
7f81683f3000-7f81683f4000 ---p 00000000 00:00 0 
7f81683f4000-7f8168509000 rw-p 00000000 00:00 0                          [stack:10946]
7f8168509000-7f8168636000 ---p 00000000 00:00 0 
7f8168636000-7f816864b000 rw-p 00000000 00:00 0 
7f816864b000-7f8168777000 ---p 00000000 00:00 0 
7f8168777000-7f8168782000 rw-p 00000000 00:00 0 
7f8168782000-7f8168818000 ---p 00000000 00:00 0 
7f8168818000-7f8168825000 rw-p 00000000 00:00 0 
7f8168825000-7f8168bd9000 ---p 00000000 00:00 0 
7f8168bd9000-7f8168eb9000 rwxp 00000000 00:00 0 
7f8168eb9000-7f8177bd9000 ---p 00000000 00:00 0 
7f8177bd9000-7f8177bf3000 r-xp 00000000 08:02 58327769                   /opt/jre1.8.0_25/lib/amd64/libzip.so
7f8177bf3000-7f8177df3000 ---p 0001a000 08:02 58327769                   /opt/jre1.8.0_25/lib/amd64/libzip.so
7f8177df3000-7f8177df4000 rw-p 0001a000 08:02 58327769                   /opt/jre1.8.0_25/lib/amd64/libzip.so
7f8177df4000-7f8177dff000 r-xp 00000000 08:02 24117951                   /lib/x86_64-linux-gnu/libnss_files-2.19.so
7f8177dff000-7f8177ffe000 ---p 0000b000 08:02 24117951                   /lib/x86_64-linux-gnu/libnss_files-2.19.so
7f8177ffe000-7f8177fff000 r--p 0000a000 08:02 24117951                   /lib/x86_64-linux-gnu/libnss_files-2.19.so
7f8177fff000-7f8178000000 rw-p 0000b000 08:02 24117951                   /lib/x86_64-linux-gnu/libnss_files-2.19.so
7f8178000000-7f817830f000 rw-p 00000000 00:00 0 
7f817830f000-7f817c000000 ---p 00000000 00:00 0 
7f817c00e000-7f817c0f4000 rw-p 00000000 00:00 0 
7f817c0f4000-7f817c0ff000 r-xp 00000000 08:02 24117948                   /lib/x86_64-linux-gnu/libnss_nis-2.19.so
7f817c0ff000-7f817c2fe000 ---p 0000b000 08:02 24117948                   /lib/x86_64-linux-gnu/libnss_nis-2.19.so
7f817c2fe000-7f817c2ff000 r--p 0000a000 08:02 24117948                   /lib/x86_64-linux-gnu/libnss_nis-2.19.so
7f817c2ff000-7f817c300000 rw-p 0000b000 08:02 24117948                   /lib/x86_64-linux-gnu/libnss_nis-2.19.so
7f817c300000-7f817c317000 r-xp 00000000 08:02 24117942                   /lib/x86_64-linux-gnu/libnsl-2.19.so
7f817c317000-7f817c516000 ---p 00017000 08:02 24117942                   /lib/x86_64-linux-gnu/libnsl-2.19.so
7f817c516000-7f817c517000 r--p 00016000 08:02 24117942                   /lib/x86_64-linux-gnu/libnsl-2.19.so
7f817c517000-7f817c518000 rw-p 00017000 08:02 24117942                   /lib/x86_64-linux-gnu/libnsl-2.19.so
7f817c518000-7f817c51a000 rw-p 00000000 00:00 0 
7f817c51a000-7f817c523000 r-xp 00000000 08:02 24117939                   /lib/x86_64-linux-gnu/libnss_compat-2.19.so
7f817c523000-7f817c722000 ---p 00009000 08:02 24117939                   /lib/x86_64-linux-gnu/libnss_compat-2.19.so
7f817c722000-7f817c723000 r--p 00008000 08:02 24117939                   /lib/x86_64-linux-gnu/libnss_compat-2.19.so
7f817c723000-7f817c724000 rw-p 00009000 08:02 24117939                   /lib/x86_64-linux-gnu/libnss_compat-2.19.so
7f817c724000-7f817c74e000 r-xp 00000000 08:02 58327749                   /opt/jre1.8.0_25/lib/amd64/libjava.so
7f817c74e000-7f817c94e000 ---p 0002a000 08:02 58327749                   /opt/jre1.8.0_25/lib/amd64/libjava.so
7f817c94e000-7f817c950000 rw-p 0002a000 08:02 58327749                   /opt/jre1.8.0_25/lib/amd64/libjava.so
7f817c950000-7f817c95d000 r-xp 00000000 08:02 58327763                   /opt/jre1.8.0_25/lib/amd64/libverify.so
7f817c95d000-7f817cb5d000 ---p 0000d000 08:02 58327763                   /opt/jre1.8.0_25/lib/amd64/libverify.so
7f817cb5d000-7f817cb5f000 rw-p 0000d000 08:02 58327763                   /opt/jre1.8.0_25/lib/amd64/libverify.so
7f817cb5f000-7f817cb66000 r-xp 00000000 08:02 24117934                   /lib/x86_64-linux-gnu/librt-2.19.so
7f817cb66000-7f817cd65000 ---p 00007000 08:02 24117934                   /lib/x86_64-linux-gnu/librt-2.19.so
7f817cd65000-7f817cd66000 r--p 00006000 08:02 24117934                   /lib/x86_64-linux-gnu/librt-2.19.so
7f817cd66000-7f817cd67000 rw-p 00007000 08:02 24117934                   /lib/x86_64-linux-gnu/librt-2.19.so
7f817cd67000-7f817ce6c000 r-xp 00000000 08:02 24117941                   /lib/x86_64-linux-gnu/libm-2.19.so
7f817ce6c000-7f817d06b000 ---p 00105000 08:02 24117941                   /lib/x86_64-linux-gnu/libm-2.19.so
7f817d06b000-7f817d06c000 r--p 00104000 08:02 24117941                   /lib/x86_64-linux-gnu/libm-2.19.so
7f817d06c000-7f817d06d000 rw-p 00105000 08:02 24117941                   /lib/x86_64-linux-gnu/libm-2.19.so
7f817d06d000-7f817dcda000 r-xp 00000000 08:02 58327784                   /opt/jre1.8.0_25/lib/amd64/server/libjvm.so
7f817dcda000-7f817ded9000 ---p 00c6d000 08:02 58327784                   /opt/jre1.8.0_25/lib/amd64/server/libjvm.so
7f817ded9000-7f817dfaf000 rw-p 00c6c000 08:02 58327784                   /opt/jre1.8.0_25/lib/amd64/server/libjvm.so
7f817dfaf000-7f817dff2000 rw-p 00000000 00:00 0 
7f817dff2000-7f817e1ad000 r-xp 00000000 08:02 24117933                   /lib/x86_64-linux-gnu/libc-2.19.so
7f817e1ad000-7f817e3ad000 ---p 001bb000 08:02 24117933                   /lib/x86_64-linux-gnu/libc-2.19.so
7f817e3ad000-7f817e3b1000 r--p 001bb000 08:02 24117933                   /lib/x86_64-linux-gnu/libc-2.19.so
7f817e3b1000-7f817e3b3000 rw-p 001bf000 08:02 24117933                   /lib/x86_64-linux-gnu/libc-2.19.so
7f817e3b3000-7f817e3b8000 rw-p 00000000 00:00 0 
7f817e3b8000-7f817e3bb000 r-xp 00000000 08:02 24117937                   /lib/x86_64-linux-gnu/libdl-2.19.so
7f817e3bb000-7f817e5ba000 ---p 00003000 08:02 24117937                   /lib/x86_64-linux-gnu/libdl-2.19.so
7f817e5ba000-7f817e5bb000 r--p 00002000 08:02 24117937                   /lib/x86_64-linux-gnu/libdl-2.19.so
7f817e5bb000-7f817e5bc000 rw-p 00003000 08:02 24117937                   /lib/x86_64-linux-gnu/libdl-2.19.so
7f817e5bc000-7f817e5d1000 r-xp 00000000 08:02 58327758                   /opt/jre1.8.0_25/lib/amd64/jli/libjli.so
7f817e5d1000-7f817e7d0000 ---p 00015000 08:02 58327758                   /opt/jre1.8.0_25/lib/amd64/jli/libjli.so
7f817e7d0000-7f817e7d1000 rw-p 00014000 08:02 58327758                   /opt/jre1.8.0_25/lib/amd64/jli/libjli.so
7f817e7d1000-7f817e7ea000 r-xp 00000000 08:02 24117950                   /lib/x86_64-linux-gnu/libpthread-2.19.so
7f817e7ea000-7f817e9e9000 ---p 00019000 08:02 24117950                   /lib/x86_64-linux-gnu/libpthread-2.19.so
7f817e9e9000-7f817e9ea000 r--p 00018000 08:02 24117950                   /lib/x86_64-linux-gnu/libpthread-2.19.so
7f817e9ea000-7f817e9eb000 rw-p 00019000 08:02 24117950                   /lib/x86_64-linux-gnu/libpthread-2.19.so
7f817e9eb000-7f817e9ef000 rw-p 00000000 00:00 0 
7f817e9ef000-7f817ea12000 r-xp 00000000 08:02 24117931                   /lib/x86_64-linux-gnu/ld-2.19.so
7f817ea16000-7f817eaee000 rw-p 00000000 00:00 0 
7f817eaee000-7f817eaf1000 ---p 00000000 00:00 0 
7f817eaf1000-7f817ebf3000 rw-p 00000000 00:00 0                          [stack:10945]
7f817ebf9000-7f817ec00000 r--s 00000000 08:02 53088912                   /usr/lib/x86_64-linux-gnu/gconv/gconv-modules.cache
7f817ec00000-7f817ec05000 r--s 002f8000 08:02 58327738                   /opt/jre1.8.0_25/lib/charsets.jar
7f817ec05000-7f817ec0d000 rw-s 00000000 08:02 14942875                   /tmp/hsperfdata_user/10940
7f817ec0d000-7f817ec0e000 rw-p 00000000 00:00 0 
7f817ec0e000-7f817ec0f000 r--p 00000000 00:00 0 
7f817ec0f000-7f817ec11000 rw-p 00000000 00:00 0 
7f817ec11000-7f817ec12000 r--p 00022000 08:02 24117931                   /lib/x86_64-linux-gnu/ld-2.19.so
7f817ec12000-7f817ec13000 rw-p 00023000 08:02 24117931                   /lib/x86_64-linux-gnu/ld-2.19.so
7f817ec13000-7f817ec14000 rw-p 00000000 00:00 0 
7fffa4f0b000-7fffa4f2c000 rw-p 00000000 00:00 0                          [stack]
7fffa4ffe000-7fffa5000000 r-xp 00000000 00:00 0                          [vdso]
ffffffffff600000-ffffffffff601000 r-xp 00000000 00:00 0                  [vsyscall]

VM Arguments:
jvm_args: -Dfile.encoding=UTF-8 
java_command: gui.GuiMain
java_class_path (initial): /home/user/workspace/workspace/bin
Launcher Type: SUN_STANDARD

Environment Variables:
PATH=/usr/local/sbin:/usr/local/bin:/usr/sbin:/usr/bin:/sbin:/bin:/usr/games:/usr/local/games
SHELL=/bin/bash
DISPLAY=:0

Signal Handlers:
SIGSEGV: [libjvm.so+0xa79a80], sa_mask[0]=11111111011111111101111111111110, sa_flags=SA_RESTART|SA_SIGINFO
SIGBUS: [libjvm.so+0xa79a80], sa_mask[0]=11111111011111111101111111111110, sa_flags=SA_RESTART|SA_SIGINFO
SIGFPE: [libjvm.so+0x8e24e0], sa_mask[0]=11111111011111111101111111111110, sa_flags=SA_RESTART|SA_SIGINFO
SIGPIPE: [libjvm.so+0x8e24e0], sa_mask[0]=11111111011111111101111111111110, sa_flags=SA_RESTART|SA_SIGINFO
SIGXFSZ: [libjvm.so+0x8e24e0], sa_mask[0]=11111111011111111101111111111110, sa_flags=SA_RESTART|SA_SIGINFO
SIGILL: [libjvm.so+0x8e24e0], sa_mask[0]=11111111011111111101111111111110, sa_flags=SA_RESTART|SA_SIGINFO
SIGUSR1: SIG_DFL, sa_mask[0]=00000000000000000000000000000000, sa_flags=none
SIGUSR2: [libjvm.so+0x8e3d10], sa_mask[0]=00100000000000000000000000000000, sa_flags=SA_RESTART|SA_SIGINFO
SIGHUP: [libjvm.so+0x8e50d0], sa_mask[0]=11111111011111111101111111111110, sa_flags=SA_RESTART|SA_SIGINFO
SIGINT: [libjvm.so+0x8e50d0], sa_mask[0]=11111111011111111101111111111110, sa_flags=SA_RESTART|SA_SIGINFO
SIGTERM: [libjvm.so+0x8e50d0], sa_mask[0]=11111111011111111101111111111110, sa_flags=SA_RESTART|SA_SIGINFO
SIGQUIT: [libjvm.so+0x8e50d0], sa_mask[0]=11111111011111111101111111111110, sa_flags=SA_RESTART|SA_SIGINFO


---------------  S Y S T E M  ---------------

OS:DISTRIB_ID=Ubuntu
DISTRIB_RELEASE=14.04
DISTRIB_CODENAME=trusty
DISTRIB_DESCRIPTION="Ubuntu 14.04.1 LTS"

uname:Linux 3.13.0-44-generic #73-Ubuntu SMP Tue Dec 16 00:22:43 UTC 2014 x86_64
libc:glibc 2.19 NPTL 2.19 
rlimit: STACK 8192k, CORE 0k, NPROC 30171, NOFILE 4096, AS infinity
load average:14,58 4,18 1,80

/proc/meminfo:
MemTotal:        3942748 kB
MemFree:         2085956 kB
Buffers:           17248 kB
Cached:           370568 kB
SwapCached:        90936 kB
Active:          1139516 kB
Inactive:         556156 kB
Active(anon):    1062224 kB
Inactive(anon):   386168 kB
Active(file):      77292 kB
Inactive(file):   169988 kB
Unevictable:          16 kB
Mlocked:              16 kB
SwapTotal:       4088828 kB
SwapFree:        3743484 kB
Dirty:              2684 kB
Writeback:             8 kB
AnonPages:       1255260 kB
Mapped:            75992 kB
Shmem:            140416 kB
Slab:              79124 kB
SReclaimable:      37976 kB
SUnreclaim:        41148 kB
KernelStack:        5824 kB
PageTables:        17784 kB
NFS_Unstable:          0 kB
Bounce:                0 kB
WritebackTmp:          0 kB
CommitLimit:     6060200 kB
Committed_AS:    4622980 kB
VmallocTotal:   34359738367 kB
VmallocUsed:      349032 kB
VmallocChunk:   34359373820 kB
HardwareCorrupted:     0 kB
AnonHugePages:    837632 kB
HugePages_Total:       0
HugePages_Free:        0
HugePages_Rsvd:        0
HugePages_Surp:        0
Hugepagesize:       2048 kB
DirectMap4k:       75520 kB
DirectMap2M:     4014080 kB


CPU:total 4 (2 cores per cpu, 2 threads per core) family 6 model 42 stepping 7, cmov, cx8, fxsr, mmx, sse, sse2, sse3, ssse3, sse4.1, sse4.2, popcnt, avx, clmul, ht, tsc, tscinvbit

/proc/cpuinfo:
processor	: 0
vendor_id	: GenuineIntel
cpu family	: 6
model		: 42
model name	: Intel(R) Core(TM) i3-2328M CPU @ 2.20GHz
stepping	: 7
microcode	: 0x28
cpu MHz		: 2200.000
cache size	: 3072 KB
physical id	: 0
siblings	: 4
core id		: 0
cpu cores	: 2
apicid		: 0
initial apicid	: 0
fpu		: yes
fpu_exception	: yes
cpuid level	: 13
wp		: yes
flags		: fpu vme de pse tsc msr pae mce cx8 apic sep mtrr pge mca cmov pat pse36 clflush dts acpi mmx fxsr sse sse2 ss ht tm pbe syscall nx rdtscp lm constant_tsc arch_perfmon pebs bts rep_good nopl xtopology nonstop_tsc aperfmperf eagerfpu pni pclmulqdq dtes64 monitor ds_cpl vmx est tm2 ssse3 cx16 xtpr pdcm pcid sse4_1 sse4_2 x2apic popcnt tsc_deadline_timer xsave avx lahf_lm arat epb xsaveopt pln pts dtherm tpr_shadow vnmi flexpriority ept vpid
bogomips	: 4390.04
clflush size	: 64
cache_alignment	: 64
address sizes	: 36 bits physical, 48 bits virtual
power management:

processor	: 1
vendor_id	: GenuineIntel
cpu family	: 6
model		: 42
model name	: Intel(R) Core(TM) i3-2328M CPU @ 2.20GHz
stepping	: 7
microcode	: 0x28
cpu MHz		: 2200.000
cache size	: 3072 KB
physical id	: 0
siblings	: 4
core id		: 0
cpu cores	: 2
apicid		: 1
initial apicid	: 1
fpu		: yes
fpu_exception	: yes
cpuid level	: 13
wp		: yes
flags		: fpu vme de pse tsc msr pae mce cx8 apic sep mtrr pge mca cmov pat pse36 clflush dts acpi mmx fxsr sse sse2 ss ht tm pbe syscall nx rdtscp lm constant_tsc arch_perfmon pebs bts rep_good nopl xtopology nonstop_tsc aperfmperf eagerfpu pni pclmulqdq dtes64 monitor ds_cpl vmx est tm2 ssse3 cx16 xtpr pdcm pcid sse4_1 sse4_2 x2apic popcnt tsc_deadline_timer xsave avx lahf_lm arat epb xsaveopt pln pts dtherm tpr_shadow vnmi flexpriority ept vpid
bogomips	: 4390.04
clflush size	: 64
cache_alignment	: 64
address sizes	: 36 bits physical, 48 bits virtual
power management:

processor	: 2
vendor_id	: GenuineIntel
cpu family	: 6
model		: 42
model name	: Intel(R) Core(TM) i3-2328M CPU @ 2.20GHz
stepping	: 7
microcode	: 0x28
cpu MHz		: 2200.000
cache size	: 3072 KB
physical id	: 0
siblings	: 4
core id		: 1
cpu cores	: 2
apicid		: 2
initial apicid	: 2
fpu		: yes
fpu_exception	: yes
cpuid level	: 13
wp		: yes
flags		: fpu vme de pse tsc msr pae mce cx8 apic sep mtrr pge mca cmov pat pse36 clflush dts acpi mmx fxsr sse sse2 ss ht tm pbe syscall nx rdtscp lm constant_tsc arch_perfmon pebs bts rep_good nopl xtopology nonstop_tsc aperfmperf eagerfpu pni pclmulqdq dtes64 monitor ds_cpl vmx est tm2 ssse3 cx16 xtpr pdcm pcid sse4_1 sse4_2 x2apic popcnt tsc_deadline_timer xsave avx lahf_lm arat epb xsaveopt pln pts dtherm tpr_shadow vnmi flexpriority ept vpid
bogomips	: 4390.04
clflush size	: 64
cache_alignment	: 64
address sizes	: 36 bits physical, 48 bits virtual
power management:

processor	: 3
vendor_id	: GenuineIntel
cpu family	: 6
model		: 42
model name	: Intel(R) Core(TM) i3-2328M CPU @ 2.20GHz
stepping	: 7
microcode	: 0x28
cpu MHz		: 2200.000
cache size	: 3072 KB
physical id	: 0
siblings	: 4
core id		: 1
cpu cores	: 2
apicid		: 3
initial apicid	: 3
fpu		: yes
fpu_exception	: yes
cpuid level	: 13
wp		: yes
flags		: fpu vme de pse tsc msr pae mce cx8 apic sep mtrr pge mca cmov pat pse36 clflush dts acpi mmx fxsr sse sse2 ss ht tm pbe syscall nx rdtscp lm constant_tsc arch_perfmon pebs bts rep_good nopl xtopology nonstop_tsc aperfmperf eagerfpu pni pclmulqdq dtes64 monitor ds_cpl vmx est tm2 ssse3 cx16 xtpr pdcm pcid sse4_1 sse4_2 x2apic popcnt tsc_deadline_timer xsave avx lahf_lm arat epb xsaveopt pln pts dtherm tpr_shadow vnmi flexpriority ept vpid
bogomips	: 4390.04
clflush size	: 64
cache_alignment	: 64
address sizes	: 36 bits physical, 48 bits virtual
power management:



Memory: 4k page, physical 3942748k(2085956k free), swap 4088828k(3743484k free)

vm_info: Java HotSpot(TM) 64-Bit Server VM (25.25-b02) for linux-amd64 JRE (1.8.0_25-b17), built on Sep 17 2014 17:32:11 by "java_re" with gcc 4.3.0 20080428 (Red Hat 4.3.0-8)

time: Tue Jan 27 13:23:24 2015
elapsed time: 1557 seconds (0d 0h 25m 57s)

