#
# A fatal error has been detected by the Java Runtime Environment:
#
#  SIGSEGV (0xb) at pc=0x00007f74c4a363fa, pid=11278, tid=140139099510528
#
# JRE version: Java(TM) SE Runtime Environment (8.0_25-b17) (build 1.8.0_25-b17)
# Java VM: Java HotSpot(TM) 64-Bit Server VM (25.25-b02 mixed mode linux-amd64 compressed oops)
# Problematic frame:
# v  ~BufferBlob::jni_fast_GetLongField
#
# Failed to write core dump. Core dumps have been disabled. To enable core dumping, try "ulimit -c unlimited" before starting Java again
#
# If you would like to submit a bug report, please visit:
#   http://bugreport.sun.com/bugreport/crash.jsp
# The crash happened outside the Java Virtual Machine in native code.
# See problematic frame for where to report the bug.
#

---------------  T H R E A D  ---------------

Current thread (0x00007f74d41f7000):  JavaThread "AWT-XAWT" daemon [_thread_in_native, id=11301, stack(0x00007f74ad2ed000,0x00007f74ad3ee000)]

siginfo: si_signo: 11 (SIGSEGV), si_code: 1 (SEGV_MAPERR), si_addr: 0x0000000000000000

Registers:
RAX=0x00007f74d9e8f340, RBX=0x00007f74d41f71e8, RCX=0x00007f74da8e9320, RDX=0x0000000000000042
RSP=0x00007f74ad3ec7f8, RBP=0x00007f74ad3ec820, RSI=0x0000000000000000, RDI=0x00007f74d41f71e8
R8 =0x0000000000000005, R9 =0x0000000000000000, R10=0x0000000000000016, R11=0x00007f74c4c42758
R12=0x00007f747c0127e0, R13=0x0000000000000000, R14=0x00007f74b5a907c0, R15=0x00007f74d41f7000
RIP=0x00007f74c4a363fa, EFLAGS=0x0000000000010246, CSGSFS=0x0000000000000033, ERR=0x0000000000000004
  TRAPNO=0x000000000000000e

Top of Stack: (sp=0x00007f74ad3ec7f8)
0x00007f74ad3ec7f8:   00007f74b586f0a1 00007f74adb5cc50
0x00007f74ad3ec808:   00007f747c0127e0 00007f74ad3ec8d0
0x00007f74ad3ec818:   00007f74ad3ec8a0 0000000000000000
0x00007f74ad3ec828:   00007f74b5352ae8 00007f74adb5cc50
0x00007f74ad3ec838:   00007f74ad3ec860 0000000000000000
0x00007f74ad3ec848:   00007f74b534a9a3 00007f74ad3ec8d0
0x00007f74ad3ec858:   00007f74b586839f 00007f74ad3ec8b0
0x00007f74ad3ec868:   00007f74c4c427f6 0000000000000000
0x00007f74ad3ec878:   00007f74c4ba3eb6 00007f74ad3ec8d0
0x00007f74ad3ec888:   00007f74c4b3c8ec 00007f74ad3ec930
0x00007f74ad3ec898:   00000000ec0573a0 00000000ebfd9fe0
0x00007f74ad3ec8a8:   0000000000000001 00007f74ad3ec930
0x00007f74ad3ec8b8:   00007f74c49d4160 00007f74ad3ec930
0x00007f74ad3ec8c8:   00007f74c49d4160 0000000000000000
0x00007f74ad3ec8d8:   00007f74c49d44a0 00007f7484000ea0
0x00007f74ad3ec8e8:   00000000ec17b5c0 00007f74ad3ec8f0
0x00007f74ad3ec8f8:   00007f74adc38b1c 00007f74ad3ec978
0x00007f74ad3ec908:   00007f74adc41b40 0000000000000000
0x00007f74ad3ec918:   00007f74adc38c50 00007f74ad3ec8d0
0x00007f74ad3ec928:   00007f74ad3ec970 00007f74ad3ec9c0
0x00007f74ad3ec938:   00007f74c49d498d 0000000000000000
0x00007f74ad3ec948:   00000000ec265c80 0000000000000000
0x00007f74ad3ec958:   0000000000000000 0000000000000000
0x00007f74ad3ec968:   00000000ec17b5c0 0000000000000000
0x00007f74ad3ec978:   00000000ec128348 00007f74ad3ec980
0x00007f74ad3ec988:   00007f74adc3895d 00007f74ad3ec9d0
0x00007f74ad3ec998:   00007f74adc41b40 0000000000000000
0x00007f74ad3ec9a8:   00007f74adc38968 00007f74ad3ec970
0x00007f74ad3ec9b8:   00007f74ad3ec9d0 00007f74ad3eca18
0x00007f74ad3ec9c8:   00007f74c49d49d2 00000000ec128348
0x00007f74ad3ec9d8:   00007f74ad3ec9d8 00007f74ad82a48b
0x00007f74ad3ec9e8:   00007f74ad3eca28 00007f74ad89d370 

Instructions: (pc=0x00007f74c4a363fa)
0x00007f74c4a363da:   00 00 00 00 00 00 44 8b 15 01 04 49 15 4c 8b ce
0x00007f74c4a363ea:   41 f6 c2 01 0f 85 2e 00 00 00 4d 33 ca 4d 33 ca
0x00007f74c4a363fa:   4d 8b 09 4c 8b da 49 c1 eb 02 4b 8b 04 19 49 bb
0x00007f74c4a3640a:   e8 67 ec d9 74 7f 00 00 4c 33 d8 4c 33 d8 45 3b 

Register to memory mapping:

RAX=0x00007f74d9e8f340: <offset 0xf23340> in /opt/jre1.8.0_25/lib/amd64/server/libjvm.so at 0x00007f74d8f6c000
RBX=0x00007f74d41f71e8 is an unknown value
RCX=0x00007f74da8e9320: <offset 0x219320> in /lib/x86_64-linux-gnu/libpthread.so.0 at 0x00007f74da6d0000
RDX=0x0000000000000042 is an unknown value
RSP=0x00007f74ad3ec7f8 is pointing into the stack for thread: 0x00007f74d41f7000
RBP=0x00007f74ad3ec820 is pointing into the stack for thread: 0x00007f74d41f7000
RSI=0x0000000000000000 is an unknown value
RDI=0x00007f74d41f71e8 is an unknown value
R8 =0x0000000000000005 is an unknown value
R9 =0x0000000000000000 is an unknown value
R10=0x0000000000000016 is an unknown value
R11=0x00007f74c4c42758 is at entry_point+24 in (nmethod*)0x00007f74c4c425d0
R12=0x00007f747c0127e0 is an unknown value
R13=0x0000000000000000 is an unknown value
R14=0x00007f74b5a907c0: <offset 0x2587c0> in /opt/jre1.8.0_25/lib/amd64/libawt_xawt.so at 0x00007f74b5838000
R15=0x00007f74d41f7000 is a thread


Stack: [0x00007f74ad2ed000,0x00007f74ad3ee000],  sp=0x00007f74ad3ec7f8,  free space=1021k
Native frames: (J=compiled Java code, j=interpreted, Vv=VM code, C=native code)
v  ~BufferBlob::jni_fast_GetLongField
C  [libX11.so.6+0x61ae8]  _XimServerDestroy+0x58

Java frames: (J=compiled Java code, j=interpreted, Vv=VM code)
J 649  sun.awt.X11.XlibWrapper.XFilterEvent(JJ)Z (0 bytes) @ 0x00007f74c4c42784 [0x00007f74c4c42740+0x44]
j  sun.awt.X11.XToolkit.run(Z)V+300
j  sun.awt.X11.XToolkit.run()V+5
j  java.lang.Thread.run()V+11
v  ~StubRoutines::call_stub

---------------  P R O C E S S  ---------------

Java Threads: ( => current thread )
  0x00007f747c01c800 JavaThread "TimerQueue" daemon [_thread_blocked, id=11304, stack(0x00007f74ac743000,0x00007f74ac844000)]
  0x00007f74d4009800 JavaThread "DestroyJavaVM" [_thread_blocked, id=11285, stack(0x00007f74da9ed000,0x00007f74daaee000)]
  0x00007f74d428f800 JavaThread "AWT-EventQueue-0" [_thread_blocked, id=11303, stack(0x00007f74ac844000,0x00007f74ac945000)]
  0x00007f74d424f800 JavaThread "AWT-Shutdown" [_thread_blocked, id=11302, stack(0x00007f74ad1ec000,0x00007f74ad2ed000)]
=>0x00007f74d41f7000 JavaThread "AWT-XAWT" daemon [_thread_in_native, id=11301, stack(0x00007f74ad2ed000,0x00007f74ad3ee000)]
  0x00007f74d41d5800 JavaThread "Java2D Disposer" daemon [_thread_blocked, id=11300, stack(0x00007f74b40e8000,0x00007f74b41e9000)]
  0x00007f74d40d0000 JavaThread "Service Thread" daemon [_thread_blocked, id=11298, stack(0x00007f74b5e64000,0x00007f74b5f65000)]
  0x00007f74d40b0000 JavaThread "C1 CompilerThread2" daemon [_thread_blocked, id=11297, stack(0x00007f74b5f65000,0x00007f74b6066000)]
  0x00007f74d40ae000 JavaThread "C2 CompilerThread1" daemon [_thread_blocked, id=11296, stack(0x00007f74b6066000,0x00007f74b6167000)]
  0x00007f74d40ab000 JavaThread "C2 CompilerThread0" daemon [_thread_blocked, id=11295, stack(0x00007f74b6167000,0x00007f74b6268000)]
  0x00007f74d40a9000 JavaThread "Signal Dispatcher" daemon [_thread_blocked, id=11294, stack(0x00007f74b6268000,0x00007f74b6369000)]
  0x00007f74d407c000 JavaThread "Finalizer" daemon [_thread_blocked, id=11292, stack(0x00007f74b6bb5000,0x00007f74b6cb6000)]
  0x00007f74d407a000 JavaThread "Reference Handler" daemon [_thread_blocked, id=11291, stack(0x00007f74b6cb6000,0x00007f74b6db7000)]

Other Threads:
  0x00007f74d4072800 VMThread [stack: 0x00007f74b6db7000,0x00007f74b6eb8000] [id=11290]
  0x00007f74d40d2000 WatcherThread [stack: 0x00007f74b5d63000,0x00007f74b5e64000] [id=11299]

VM state:not at safepoint (normal execution)

VM Mutex/Monitor currently owned by a thread: None

Heap:
 PSYoungGen      total 18432K, used 6034K [0x00000000ebf00000, 0x00000000ed380000, 0x0000000100000000)
  eden space 15872K, 38% used [0x00000000ebf00000,0x00000000ec4e4a38,0x00000000ece80000)
  from space 2560K, 0% used [0x00000000ed100000,0x00000000ed100000,0x00000000ed380000)
  to   space 2560K, 0% used [0x00000000ece80000,0x00000000ece80000,0x00000000ed100000)
 ParOldGen       total 42496K, used 0K [0x00000000c3c00000, 0x00000000c6580000, 0x00000000ebf00000)
  object space 42496K, 0% used [0x00000000c3c00000,0x00000000c3c00000,0x00000000c6580000)
 Metaspace       used 11091K, capacity 11250K, committed 11392K, reserved 1058816K
  class space    used 1306K, capacity 1377K, committed 1408K, reserved 1048576K

Card table byte_map: [0x00007f74d801c000,0x00007f74d81ff000] byte_map_base: 0x00007f74d79fe000

Marking Bits: (ParMarkBitMap*) 0x00007f74d9ec62c0
 Begin Bits: [0x00007f74ae1e0000, 0x00007f74af0f0000)
 End Bits:   [0x00007f74af0f0000, 0x00007f74b0000000)

Polling page: 0x00007f74dab0d000

CodeCache: size=245760Kb used=2676Kb max_used=2676Kb free=243083Kb
 bounds [0x00007f74c49cd000, 0x00007f74c4c6d000, 0x00007f74d39cd000]
 total_blobs=1178 nmethods=656 adapters=437
 compilation: enabled

Compilation events (10 events):
Event: 612,532 Thread 0x00007f74d40b0000  652       3       java.util.Vector$Itr::hasNext (20 bytes)
Event: 612,533 Thread 0x00007f74d40b0000 nmethod 652 0x00007f74c4c442d0 code [0x00007f74c4c44440, 0x00007f74c4c44610]
Event: 813,020 Thread 0x00007f74d40b0000  653       3       java.util.Arrays::copyOf (13 bytes)
Event: 813,021 Thread 0x00007f74d40b0000 nmethod 653 0x00007f74c4c43e90 code [0x00007f74c4c44000, 0x00007f74c4c44208]
Event: 1030,668 Thread 0x00007f74d40b0000  654   !   3       java.util.Vector$Itr::next (63 bytes)
Event: 1030,669 Thread 0x00007f74d40b0000 nmethod 654 0x00007f74c4c45ed0 code [0x00007f74c4c46080, 0x00007f74c4c466f8]
Event: 1030,669 Thread 0x00007f74d40b0000  655       3       java.util.Vector$Itr::checkForComodification (23 bytes)
Event: 1030,669 Thread 0x00007f74d40b0000 nmethod 655 0x00007f74c4c45a50 code [0x00007f74c4c45bc0, 0x00007f74c4c45de8]
Event: 1197,444 Thread 0x00007f74d40b0000  656       3       java.lang.Long::equals (30 bytes)
Event: 1197,445 Thread 0x00007f74d40b0000 nmethod 656 0x00007f74c4c43750 code [0x00007f74c4c438e0, 0x00007f74c4c43db0]

GC Heap History (0 events):
No events

Deoptimization events (4 events):
Event: 2,416 Thread 0x00007f74d428f800 Uncommon trap: reason=class_check action=maybe_recompile pc=0x00007f74c4b65eb0 method=java.lang.String.equals(Ljava/lang/Object;)Z @ 8
Event: 2,416 Thread 0x00007f74d428f800 Uncommon trap: reason=class_check action=maybe_recompile pc=0x00007f74c4b65eb0 method=java.lang.String.equals(Ljava/lang/Object;)Z @ 8
Event: 2,528 Thread 0x00007f74d428f800 Uncommon trap: reason=class_check action=maybe_recompile pc=0x00007f74c4b65eb0 method=java.lang.String.equals(Ljava/lang/Object;)Z @ 8
Event: 2,528 Thread 0x00007f74d428f800 Uncommon trap: reason=class_check action=maybe_recompile pc=0x00007f74c4b65eb0 method=java.lang.String.equals(Ljava/lang/Object;)Z @ 8

Internal exceptions (10 events):
Event: 0,297 Thread 0x00007f74d4009800 Exception <a 'java/lang/NoSuchFieldError': method resolution failed> (0x00000000ec0ea0f8) thrown at [/HUDSON/workspace/8-2-build-linux-amd64/jdk8u25/1514/hotspot/src/share/vm/prims/methodHandles.cpp, line 1159]
Event: 0,356 Thread 0x00007f74d4009800 Exception <a 'java/security/PrivilegedActionException'> (0x00000000ec1d7660) thrown at [/HUDSON/workspace/8-2-build-linux-amd64/jdk8u25/1514/hotspot/src/share/vm/prims/jvm.cpp, line 1312]
Event: 0,356 Thread 0x00007f74d4009800 Exception <a 'java/security/PrivilegedActionException'> (0x00000000ec1d87a8) thrown at [/HUDSON/workspace/8-2-build-linux-amd64/jdk8u25/1514/hotspot/src/share/vm/prims/jvm.cpp, line 1312]
Event: 0,356 Thread 0x00007f74d4009800 Exception <a 'java/security/PrivilegedActionException'> (0x00000000ec1da000) thrown at [/HUDSON/workspace/8-2-build-linux-amd64/jdk8u25/1514/hotspot/src/share/vm/prims/jvm.cpp, line 1312]
Event: 0,356 Thread 0x00007f74d4009800 Exception <a 'java/security/PrivilegedActionException'> (0x00000000ec1db188) thrown at [/HUDSON/workspace/8-2-build-linux-amd64/jdk8u25/1514/hotspot/src/share/vm/prims/jvm.cpp, line 1312]
Event: 0,357 Thread 0x00007f74d4009800 Exception <a 'java/security/PrivilegedActionException'> (0x00000000ec1dfbe0) thrown at [/HUDSON/workspace/8-2-build-linux-amd64/jdk8u25/1514/hotspot/src/share/vm/prims/jvm.cpp, line 1312]
Event: 0,357 Thread 0x00007f74d4009800 Exception <a 'java/security/PrivilegedActionException'> (0x00000000ec1e0d28) thrown at [/HUDSON/workspace/8-2-build-linux-amd64/jdk8u25/1514/hotspot/src/share/vm/prims/jvm.cpp, line 1312]
Event: 0,358 Thread 0x00007f74d4009800 Exception <a 'java/security/PrivilegedActionException'> (0x00000000ec1e2580) thrown at [/HUDSON/workspace/8-2-build-linux-amd64/jdk8u25/1514/hotspot/src/share/vm/prims/jvm.cpp, line 1312]
Event: 0,358 Thread 0x00007f74d4009800 Exception <a 'java/security/PrivilegedActionException'> (0x00000000ec1e3708) thrown at [/HUDSON/workspace/8-2-build-linux-amd64/jdk8u25/1514/hotspot/src/share/vm/prims/jvm.cpp, line 1312]
Event: 0,716 Thread 0x00007f74d428f800 Exception <a 'java/lang/UnsupportedOperationException': > (0x00000000ec404078) thrown at [/HUDSON/workspace/8-2-build-linux-amd64/jdk8u25/1514/hotspot/src/share/vm/prims/jni.cpp, line 742]

Events (10 events):
Event: 5,971 loading class sun/awt/SunToolkit$1
Event: 5,971 loading class sun/awt/SunToolkit$1 done
Event: 5,972 loading class sun/awt/X11/XUnmapEvent
Event: 5,972 loading class sun/awt/X11/XUnmapEvent done
Event: 1243,318 loading class sun/awt/X11/XkbEvent
Event: 1244,164 loading class sun/awt/X11/XkbEvent done
Event: 1244,164 loading class sun/awt/X11/XkbAnyEvent
Event: 1246,163 loading class sun/awt/X11/XkbAnyEvent done
Event: 1256,800 loading class sun/awt/X11/XDestroyWindowEvent
Event: 1258,674 loading class sun/awt/X11/XDestroyWindowEvent done


Dynamic libraries:
00400000-00401000 r-xp 00000000 08:02 58327908                           /opt/jre1.8.0_25/bin/java
00600000-00601000 rw-p 00000000 08:02 58327908                           /opt/jre1.8.0_25/bin/java
00a50000-00a71000 rw-p 00000000 00:00 0                                  [heap]
c3c00000-c6580000 rw-p 00000000 00:00 0 
c6580000-ebf00000 ---p 00000000 00:00 0 
ebf00000-ed380000 rw-p 00000000 00:00 0 
ed380000-100000000 ---p 00000000 00:00 0 
100000000-100160000 rw-p 00000000 00:00 0 
100160000-140000000 ---p 00000000 00:00 0 
7f7470000000-7f747027b000 rw-p 00000000 00:00 0 
7f747027b000-7f7474000000 ---p 00000000 00:00 0 
7f7478000000-7f7478021000 rw-p 00000000 00:00 0 
7f7478021000-7f747c000000 ---p 00000000 00:00 0 
7f747c000000-7f747c03a000 rw-p 00000000 00:00 0 
7f747c03a000-7f7480000000 ---p 00000000 00:00 0 
7f7480000000-7f7480021000 rw-p 00000000 00:00 0 
7f7480021000-7f7484000000 ---p 00000000 00:00 0 
7f7484000000-7f748427f000 rw-p 00000000 00:00 0 
7f748427f000-7f7488000000 ---p 00000000 00:00 0 
7f7488000000-7f7488021000 rw-p 00000000 00:00 0 
7f7488021000-7f748c000000 ---p 00000000 00:00 0 
7f748c000000-7f748c021000 rw-p 00000000 00:00 0 
7f748c021000-7f7490000000 ---p 00000000 00:00 0 
7f7490000000-7f7490071000 rw-p 00000000 00:00 0 
7f7490071000-7f7494000000 ---p 00000000 00:00 0 
7f7494000000-7f74946f9000 rw-p 00000000 00:00 0 
7f74946f9000-7f7498000000 ---p 00000000 00:00 0 
7f7498000000-7f7498021000 rw-p 00000000 00:00 0 
7f7498021000-7f749c000000 ---p 00000000 00:00 0 
7f749c000000-7f749c09e000 rw-p 00000000 00:00 0 
7f749c09e000-7f74a0000000 ---p 00000000 00:00 0 
7f74a0000000-7f74a0021000 rw-p 00000000 00:00 0 
7f74a0021000-7f74a4000000 ---p 00000000 00:00 0 
7f74a4000000-7f74a4021000 rw-p 00000000 00:00 0 
7f74a4021000-7f74a8000000 ---p 00000000 00:00 0 
7f74a8000000-7f74a8021000 rw-p 00000000 00:00 0 
7f74a8021000-7f74ac000000 ---p 00000000 00:00 0 
7f74ac743000-7f74ac746000 ---p 00000000 00:00 0 
7f74ac746000-7f74ac844000 rw-p 00000000 00:00 0                          [stack:11304]
7f74ac844000-7f74ac847000 ---p 00000000 00:00 0 
7f74ac847000-7f74ac945000 rw-p 00000000 00:00 0                          [stack:11303]
7f74ac945000-7f74ac9ae000 r-xp 00000000 08:02 58327778                   /opt/jre1.8.0_25/lib/amd64/libt2k.so
7f74ac9ae000-7f74acbad000 ---p 00069000 08:02 58327778                   /opt/jre1.8.0_25/lib/amd64/libt2k.so
7f74acbad000-7f74acbb4000 rw-p 00068000 08:02 58327778                   /opt/jre1.8.0_25/lib/amd64/libt2k.so
7f74acbb4000-7f74acbc4000 rw-p 00000000 00:00 0 
7f74acbc4000-7f74acbd5000 r-xp 00000000 08:02 58327799                   /opt/jre1.8.0_25/lib/amd64/libnio.so
7f74acbd5000-7f74acdd4000 ---p 00011000 08:02 58327799                   /opt/jre1.8.0_25/lib/amd64/libnio.so
7f74acdd4000-7f74acdd5000 rw-p 00010000 08:02 58327799                   /opt/jre1.8.0_25/lib/amd64/libnio.so
7f74acdd5000-7f74acdeb000 r-xp 00000000 08:02 58327775                   /opt/jre1.8.0_25/lib/amd64/libnet.so
7f74acdeb000-7f74acfeb000 ---p 00016000 08:02 58327775                   /opt/jre1.8.0_25/lib/amd64/libnet.so
7f74acfeb000-7f74acfec000 rw-p 00016000 08:02 58327775                   /opt/jre1.8.0_25/lib/amd64/libnet.so
7f74acfec000-7f74ad1ac000 rw-p 00000000 00:00 0 
7f74ad1ac000-7f74ad1ec000 ---p 00000000 00:00 0 
7f74ad1ec000-7f74ad1ef000 ---p 00000000 00:00 0 
7f74ad1ef000-7f74ad2ed000 rw-p 00000000 00:00 0                          [stack:11302]
7f74ad2ed000-7f74ad2f0000 ---p 00000000 00:00 0 
7f74ad2f0000-7f74ad3ee000 rw-p 00000000 00:00 0                          [stack:11301]
7f74ad3ee000-7f74ad3f3000 r-xp 00000000 08:02 52698511                   /usr/lib/x86_64-linux-gnu/libXfixes.so.3.1.0
7f74ad3f3000-7f74ad5f2000 ---p 00005000 08:02 52698511                   /usr/lib/x86_64-linux-gnu/libXfixes.so.3.1.0
7f74ad5f2000-7f74ad5f3000 r--p 00004000 08:02 52698511                   /usr/lib/x86_64-linux-gnu/libXfixes.so.3.1.0
7f74ad5f3000-7f74ad5f4000 rw-p 00005000 08:02 52698511                   /usr/lib/x86_64-linux-gnu/libXfixes.so.3.1.0
7f74ad5f4000-7f74ad5fd000 r-xp 00000000 08:02 52698503                   /usr/lib/x86_64-linux-gnu/libXcursor.so.1.0.2
7f74ad5fd000-7f74ad7fc000 ---p 00009000 08:02 52698503                   /usr/lib/x86_64-linux-gnu/libXcursor.so.1.0.2
7f74ad7fc000-7f74ad7fd000 r--p 00008000 08:02 52698503                   /usr/lib/x86_64-linux-gnu/libXcursor.so.1.0.2
7f74ad7fd000-7f74ad7fe000 rw-p 00009000 08:02 52698503                   /usr/lib/x86_64-linux-gnu/libXcursor.so.1.0.2
7f74ad7fe000-7f74b0000000 rw-p 00000000 00:00 0 
7f74b0000000-7f74b0021000 rw-p 00000000 00:00 0 
7f74b0021000-7f74b4000000 ---p 00000000 00:00 0 
7f74b40b7000-7f74b40e8000 rw-p 00000000 00:00 0 
7f74b40e8000-7f74b40eb000 ---p 00000000 00:00 0 
7f74b40eb000-7f74b41e9000 rw-p 00000000 00:00 0                          [stack:11300]
7f74b41e9000-7f74b41ff000 r-xp 00000000 08:02 24121190                   /lib/x86_64-linux-gnu/libgcc_s.so.1
7f74b41ff000-7f74b43fe000 ---p 00016000 08:02 24121190                   /lib/x86_64-linux-gnu/libgcc_s.so.1
7f74b43fe000-7f74b43ff000 rw-p 00015000 08:02 24121190                   /lib/x86_64-linux-gnu/libgcc_s.so.1
7f74b43ff000-7f74b4463000 r-xp 00000000 08:02 58327779                   /opt/jre1.8.0_25/lib/amd64/libfontmanager.so
7f74b4463000-7f74b4663000 ---p 00064000 08:02 58327779                   /opt/jre1.8.0_25/lib/amd64/libfontmanager.so
7f74b4663000-7f74b4667000 rw-p 00064000 08:02 58327779                   /opt/jre1.8.0_25/lib/amd64/libfontmanager.so
7f74b4667000-7f74b4678000 rw-p 00000000 00:00 0 
7f74b4678000-7f74b46a8000 r--p 00000000 08:02 57151065                   /usr/share/locale-langpack/uk/LC_MESSAGES/libc.mo
7f74b46a8000-7f74b46ad000 r-xp 00000000 08:02 52698507                   /usr/lib/x86_64-linux-gnu/libXdmcp.so.6.0.0
7f74b46ad000-7f74b48ac000 ---p 00005000 08:02 52698507                   /usr/lib/x86_64-linux-gnu/libXdmcp.so.6.0.0
7f74b48ac000-7f74b48ad000 r--p 00004000 08:02 52698507                   /usr/lib/x86_64-linux-gnu/libXdmcp.so.6.0.0
7f74b48ad000-7f74b48ae000 rw-p 00005000 08:02 52698507                   /usr/lib/x86_64-linux-gnu/libXdmcp.so.6.0.0
7f74b48ae000-7f74b48b0000 r-xp 00000000 08:02 52698496                   /usr/lib/x86_64-linux-gnu/libXau.so.6.0.0
7f74b48b0000-7f74b4ab0000 ---p 00002000 08:02 52698496                   /usr/lib/x86_64-linux-gnu/libXau.so.6.0.0
7f74b4ab0000-7f74b4ab1000 r--p 00002000 08:02 52698496                   /usr/lib/x86_64-linux-gnu/libXau.so.6.0.0
7f74b4ab1000-7f74b4ab2000 rw-p 00003000 08:02 52698496                   /usr/lib/x86_64-linux-gnu/libXau.so.6.0.0
7f74b4ab2000-7f74b4acf000 r-xp 00000000 08:02 52699566                   /usr/lib/x86_64-linux-gnu/libxcb.so.1.1.0
7f74b4acf000-7f74b4ccf000 ---p 0001d000 08:02 52699566                   /usr/lib/x86_64-linux-gnu/libxcb.so.1.1.0
7f74b4ccf000-7f74b4cd0000 r--p 0001d000 08:02 52699566                   /usr/lib/x86_64-linux-gnu/libxcb.so.1.1.0
7f74b4cd0000-7f74b4cd1000 rw-p 0001e000 08:02 52699566                   /usr/lib/x86_64-linux-gnu/libxcb.so.1.1.0
7f74b4cd1000-7f74b4ce0000 r-xp 00000000 08:02 52698517                   /usr/lib/x86_64-linux-gnu/libXi.so.6.1.0
7f74b4ce0000-7f74b4edf000 ---p 0000f000 08:02 52698517                   /usr/lib/x86_64-linux-gnu/libXi.so.6.1.0
7f74b4edf000-7f74b4ee0000 r--p 0000e000 08:02 52698517                   /usr/lib/x86_64-linux-gnu/libXi.so.6.1.0
7f74b4ee0000-7f74b4ee1000 rw-p 0000f000 08:02 52698517                   /usr/lib/x86_64-linux-gnu/libXi.so.6.1.0
7f74b4ee1000-7f74b4ee6000 r-xp 00000000 08:02 52698537                   /usr/lib/x86_64-linux-gnu/libXtst.so.6.1.0
7f74b4ee6000-7f74b50e5000 ---p 00005000 08:02 52698537                   /usr/lib/x86_64-linux-gnu/libXtst.so.6.1.0
7f74b50e5000-7f74b50e6000 r--p 00004000 08:02 52698537                   /usr/lib/x86_64-linux-gnu/libXtst.so.6.1.0
7f74b50e6000-7f74b50e7000 rw-p 00005000 08:02 52698537                   /usr/lib/x86_64-linux-gnu/libXtst.so.6.1.0
7f74b50e7000-7f74b50f0000 r-xp 00000000 08:02 52698531                   /usr/lib/x86_64-linux-gnu/libXrender.so.1.3.0
7f74b50f0000-7f74b52ef000 ---p 00009000 08:02 52698531                   /usr/lib/x86_64-linux-gnu/libXrender.so.1.3.0
7f74b52ef000-7f74b52f0000 r--p 00008000 08:02 52698531                   /usr/lib/x86_64-linux-gnu/libXrender.so.1.3.0
7f74b52f0000-7f74b52f1000 rw-p 00009000 08:02 52698531                   /usr/lib/x86_64-linux-gnu/libXrender.so.1.3.0
7f74b52f1000-7f74b5421000 r-xp 00000000 08:02 52698492                   /usr/lib/x86_64-linux-gnu/libX11.so.6.3.0
7f74b5421000-7f74b5621000 ---p 00130000 08:02 52698492                   /usr/lib/x86_64-linux-gnu/libX11.so.6.3.0
7f74b5621000-7f74b5622000 r--p 00130000 08:02 52698492                   /usr/lib/x86_64-linux-gnu/libX11.so.6.3.0
7f74b5622000-7f74b5626000 rw-p 00131000 08:02 52698492                   /usr/lib/x86_64-linux-gnu/libX11.so.6.3.0
7f74b5626000-7f74b5637000 r-xp 00000000 08:02 52698509                   /usr/lib/x86_64-linux-gnu/libXext.so.6.4.0
7f74b5637000-7f74b5836000 ---p 00011000 08:02 52698509                   /usr/lib/x86_64-linux-gnu/libXext.so.6.4.0
7f74b5836000-7f74b5837000 r--p 00010000 08:02 52698509                   /usr/lib/x86_64-linux-gnu/libXext.so.6.4.0
7f74b5837000-7f74b5838000 rw-p 00011000 08:02 52698509                   /usr/lib/x86_64-linux-gnu/libXext.so.6.4.0
7f74b5838000-7f74b588c000 r-xp 00000000 08:02 58327787                   /opt/jre1.8.0_25/lib/amd64/libawt_xawt.so
7f74b588c000-7f74b5a8c000 ---p 00054000 08:02 58327787                   /opt/jre1.8.0_25/lib/amd64/libawt_xawt.so
7f74b5a8c000-7f74b5a90000 rw-p 00054000 08:02 58327787                   /opt/jre1.8.0_25/lib/amd64/libawt_xawt.so
7f74b5a90000-7f74b5a91000 rw-p 00000000 00:00 0 
7f74b5a91000-7f74b5b33000 r-xp 00000000 08:02 58327793                   /opt/jre1.8.0_25/lib/amd64/libawt.so
7f74b5b33000-7f74b5d33000 ---p 000a2000 08:02 58327793                   /opt/jre1.8.0_25/lib/amd64/libawt.so
7f74b5d33000-7f74b5d3f000 rw-p 000a2000 08:02 58327793                   /opt/jre1.8.0_25/lib/amd64/libawt.so
7f74b5d3f000-7f74b5d63000 rw-p 00000000 00:00 0 
7f74b5d63000-7f74b5d64000 ---p 00000000 00:00 0 
7f74b5d64000-7f74b5e64000 rw-p 00000000 00:00 0                          [stack:11299]
7f74b5e64000-7f74b5e67000 ---p 00000000 00:00 0 
7f74b5e67000-7f74b5f65000 rw-p 00000000 00:00 0                          [stack:11298]
7f74b5f65000-7f74b5f68000 ---p 00000000 00:00 0 
7f74b5f68000-7f74b6066000 rw-p 00000000 00:00 0                          [stack:11297]
7f74b6066000-7f74b6069000 ---p 00000000 00:00 0 
7f74b6069000-7f74b6167000 rw-p 00000000 00:00 0                          [stack:11296]
7f74b6167000-7f74b616a000 ---p 00000000 00:00 0 
7f74b616a000-7f74b6268000 rw-p 00000000 00:00 0                          [stack:11295]
7f74b6268000-7f74b626b000 ---p 00000000 00:00 0 
7f74b626b000-7f74b6369000 rw-p 00000000 00:00 0                          [stack:11294]
7f74b6369000-7f74b6bb5000 r--p 00000000 08:02 52697607                   /usr/lib/locale/locale-archive
7f74b6bb5000-7f74b6bb8000 ---p 00000000 00:00 0 
7f74b6bb8000-7f74b6cb6000 rw-p 00000000 00:00 0                          [stack:11292]
7f74b6cb6000-7f74b6cb9000 ---p 00000000 00:00 0 
7f74b6cb9000-7f74b6db7000 rw-p 00000000 00:00 0                          [stack:11291]
7f74b6db7000-7f74b6db8000 ---p 00000000 00:00 0 
7f74b6db8000-7f74b7e2a000 rw-p 00000000 00:00 0                          [stack:11290]
7f74b7e2a000-7f74b8000000 r--s 03caa000 08:02 58327817                   /opt/jre1.8.0_25/lib/rt.jar
7f74b8000000-7f74b8021000 rw-p 00000000 00:00 0 
7f74b8021000-7f74bc000000 ---p 00000000 00:00 0 
7f74bc000000-7f74bc021000 rw-p 00000000 00:00 0 
7f74bc021000-7f74c0000000 ---p 00000000 00:00 0 
7f74c0000000-7f74c0021000 rw-p 00000000 00:00 0 
7f74c0021000-7f74c4000000 ---p 00000000 00:00 0 
7f74c4002000-7f74c40c7000 rw-p 00000000 00:00 0 
7f74c40c7000-7f74c40c8000 ---p 00000000 00:00 0 
7f74c40c8000-7f74c41c8000 rw-p 00000000 00:00 0                          [stack:11289]
7f74c41c8000-7f74c41c9000 ---p 00000000 00:00 0 
7f74c41c9000-7f74c42c9000 rw-p 00000000 00:00 0                          [stack:11288]
7f74c42c9000-7f74c42ca000 ---p 00000000 00:00 0 
7f74c42ca000-7f74c43ca000 rw-p 00000000 00:00 0                          [stack:11287]
7f74c43ca000-7f74c43cb000 ---p 00000000 00:00 0 
7f74c43cb000-7f74c44e0000 rw-p 00000000 00:00 0                          [stack:11286]
7f74c44e0000-7f74c460d000 ---p 00000000 00:00 0 
7f74c460d000-7f74c4618000 rw-p 00000000 00:00 0 
7f74c4618000-7f74c49cd000 ---p 00000000 00:00 0 
7f74c49cd000-7f74c4c6d000 rwxp 00000000 00:00 0 
7f74c4c6d000-7f74d39cd000 ---p 00000000 00:00 0 
7f74d39cd000-7f74d39e7000 r-xp 00000000 08:02 58327769                   /opt/jre1.8.0_25/lib/amd64/libzip.so
7f74d39e7000-7f74d3be7000 ---p 0001a000 08:02 58327769                   /opt/jre1.8.0_25/lib/amd64/libzip.so
7f74d3be7000-7f74d3be8000 rw-p 0001a000 08:02 58327769                   /opt/jre1.8.0_25/lib/amd64/libzip.so
7f74d3be8000-7f74d3bf3000 r-xp 00000000 08:02 24117951                   /lib/x86_64-linux-gnu/libnss_files-2.19.so
7f74d3bf3000-7f74d3df2000 ---p 0000b000 08:02 24117951                   /lib/x86_64-linux-gnu/libnss_files-2.19.so
7f74d3df2000-7f74d3df3000 r--p 0000a000 08:02 24117951                   /lib/x86_64-linux-gnu/libnss_files-2.19.so
7f74d3df3000-7f74d3df4000 rw-p 0000b000 08:02 24117951                   /lib/x86_64-linux-gnu/libnss_files-2.19.so
7f74d3df4000-7f74d3dff000 r-xp 00000000 08:02 24117948                   /lib/x86_64-linux-gnu/libnss_nis-2.19.so
7f74d3dff000-7f74d3ffe000 ---p 0000b000 08:02 24117948                   /lib/x86_64-linux-gnu/libnss_nis-2.19.so
7f74d3ffe000-7f74d3fff000 r--p 0000a000 08:02 24117948                   /lib/x86_64-linux-gnu/libnss_nis-2.19.so
7f74d3fff000-7f74d4000000 rw-p 0000b000 08:02 24117948                   /lib/x86_64-linux-gnu/libnss_nis-2.19.so
7f74d4000000-7f74d4298000 rw-p 00000000 00:00 0 
7f74d4298000-7f74d8000000 ---p 00000000 00:00 0 
7f74d801c000-7f74d8031000 rw-p 00000000 00:00 0 
7f74d8031000-7f74d815d000 ---p 00000000 00:00 0 
7f74d815d000-7f74d8168000 rw-p 00000000 00:00 0 
7f74d8168000-7f74d81fe000 ---p 00000000 00:00 0 
7f74d81fe000-7f74d81ff000 rw-p 00000000 00:00 0 
7f74d81ff000-7f74d8216000 r-xp 00000000 08:02 24117942                   /lib/x86_64-linux-gnu/libnsl-2.19.so
7f74d8216000-7f74d8415000 ---p 00017000 08:02 24117942                   /lib/x86_64-linux-gnu/libnsl-2.19.so
7f74d8415000-7f74d8416000 r--p 00016000 08:02 24117942                   /lib/x86_64-linux-gnu/libnsl-2.19.so
7f74d8416000-7f74d8417000 rw-p 00017000 08:02 24117942                   /lib/x86_64-linux-gnu/libnsl-2.19.so
7f74d8417000-7f74d8419000 rw-p 00000000 00:00 0 
7f74d8419000-7f74d8422000 r-xp 00000000 08:02 24117939                   /lib/x86_64-linux-gnu/libnss_compat-2.19.so
7f74d8422000-7f74d8621000 ---p 00009000 08:02 24117939                   /lib/x86_64-linux-gnu/libnss_compat-2.19.so
7f74d8621000-7f74d8622000 r--p 00008000 08:02 24117939                   /lib/x86_64-linux-gnu/libnss_compat-2.19.so
7f74d8622000-7f74d8623000 rw-p 00009000 08:02 24117939                   /lib/x86_64-linux-gnu/libnss_compat-2.19.so
7f74d8623000-7f74d864d000 r-xp 00000000 08:02 58327749                   /opt/jre1.8.0_25/lib/amd64/libjava.so
7f74d864d000-7f74d884d000 ---p 0002a000 08:02 58327749                   /opt/jre1.8.0_25/lib/amd64/libjava.so
7f74d884d000-7f74d884f000 rw-p 0002a000 08:02 58327749                   /opt/jre1.8.0_25/lib/amd64/libjava.so
7f74d884f000-7f74d885c000 r-xp 00000000 08:02 58327763                   /opt/jre1.8.0_25/lib/amd64/libverify.so
7f74d885c000-7f74d8a5c000 ---p 0000d000 08:02 58327763                   /opt/jre1.8.0_25/lib/amd64/libverify.so
7f74d8a5c000-7f74d8a5e000 rw-p 0000d000 08:02 58327763                   /opt/jre1.8.0_25/lib/amd64/libverify.so
7f74d8a5e000-7f74d8a65000 r-xp 00000000 08:02 24117934                   /lib/x86_64-linux-gnu/librt-2.19.so
7f74d8a65000-7f74d8c64000 ---p 00007000 08:02 24117934                   /lib/x86_64-linux-gnu/librt-2.19.so
7f74d8c64000-7f74d8c65000 r--p 00006000 08:02 24117934                   /lib/x86_64-linux-gnu/librt-2.19.so
7f74d8c65000-7f74d8c66000 rw-p 00007000 08:02 24117934                   /lib/x86_64-linux-gnu/librt-2.19.so
7f74d8c66000-7f74d8d6b000 r-xp 00000000 08:02 24117941                   /lib/x86_64-linux-gnu/libm-2.19.so
7f74d8d6b000-7f74d8f6a000 ---p 00105000 08:02 24117941                   /lib/x86_64-linux-gnu/libm-2.19.so
7f74d8f6a000-7f74d8f6b000 r--p 00104000 08:02 24117941                   /lib/x86_64-linux-gnu/libm-2.19.so
7f74d8f6b000-7f74d8f6c000 rw-p 00105000 08:02 24117941                   /lib/x86_64-linux-gnu/libm-2.19.so
7f74d8f6c000-7f74d9bd9000 r-xp 00000000 08:02 58327784                   /opt/jre1.8.0_25/lib/amd64/server/libjvm.so
7f74d9bd9000-7f74d9dd8000 ---p 00c6d000 08:02 58327784                   /opt/jre1.8.0_25/lib/amd64/server/libjvm.so
7f74d9dd8000-7f74d9eae000 rw-p 00c6c000 08:02 58327784                   /opt/jre1.8.0_25/lib/amd64/server/libjvm.so
7f74d9eae000-7f74d9ef1000 rw-p 00000000 00:00 0 
7f74d9ef1000-7f74da0ac000 r-xp 00000000 08:02 24117933                   /lib/x86_64-linux-gnu/libc-2.19.so
7f74da0ac000-7f74da2ac000 ---p 001bb000 08:02 24117933                   /lib/x86_64-linux-gnu/libc-2.19.so
7f74da2ac000-7f74da2b0000 r--p 001bb000 08:02 24117933                   /lib/x86_64-linux-gnu/libc-2.19.so
7f74da2b0000-7f74da2b2000 rw-p 001bf000 08:02 24117933                   /lib/x86_64-linux-gnu/libc-2.19.so
7f74da2b2000-7f74da2b7000 rw-p 00000000 00:00 0 
7f74da2b7000-7f74da2ba000 r-xp 00000000 08:02 24117937                   /lib/x86_64-linux-gnu/libdl-2.19.so
7f74da2ba000-7f74da4b9000 ---p 00003000 08:02 24117937                   /lib/x86_64-linux-gnu/libdl-2.19.so
7f74da4b9000-7f74da4ba000 r--p 00002000 08:02 24117937                   /lib/x86_64-linux-gnu/libdl-2.19.so
7f74da4ba000-7f74da4bb000 rw-p 00003000 08:02 24117937                   /lib/x86_64-linux-gnu/libdl-2.19.so
7f74da4bb000-7f74da4d0000 r-xp 00000000 08:02 58327758                   /opt/jre1.8.0_25/lib/amd64/jli/libjli.so
7f74da4d0000-7f74da6cf000 ---p 00015000 08:02 58327758                   /opt/jre1.8.0_25/lib/amd64/jli/libjli.so
7f74da6cf000-7f74da6d0000 rw-p 00014000 08:02 58327758                   /opt/jre1.8.0_25/lib/amd64/jli/libjli.so
7f74da6d0000-7f74da6e9000 r-xp 00000000 08:02 24117950                   /lib/x86_64-linux-gnu/libpthread-2.19.so
7f74da6e9000-7f74da8e8000 ---p 00019000 08:02 24117950                   /lib/x86_64-linux-gnu/libpthread-2.19.so
7f74da8e8000-7f74da8e9000 r--p 00018000 08:02 24117950                   /lib/x86_64-linux-gnu/libpthread-2.19.so
7f74da8e9000-7f74da8ea000 rw-p 00019000 08:02 24117950                   /lib/x86_64-linux-gnu/libpthread-2.19.so
7f74da8ea000-7f74da8ee000 rw-p 00000000 00:00 0 
7f74da8ee000-7f74da911000 r-xp 00000000 08:02 24117931                   /lib/x86_64-linux-gnu/ld-2.19.so
7f74da915000-7f74da9ed000 rw-p 00000000 00:00 0 
7f74da9ed000-7f74da9f0000 ---p 00000000 00:00 0 
7f74da9f0000-7f74daaf2000 rw-p 00000000 00:00 0                          [stack:11285]
7f74daaf8000-7f74daaff000 r--s 00000000 08:02 53088912                   /usr/lib/x86_64-linux-gnu/gconv/gconv-modules.cache
7f74daaff000-7f74dab04000 r--s 002f8000 08:02 58327738                   /opt/jre1.8.0_25/lib/charsets.jar
7f74dab04000-7f74dab0c000 rw-s 00000000 08:02 14942879                   /tmp/hsperfdata_user/11278
7f74dab0c000-7f74dab0d000 rw-p 00000000 00:00 0 
7f74dab0d000-7f74dab0e000 r--p 00000000 00:00 0 
7f74dab0e000-7f74dab10000 rw-p 00000000 00:00 0 
7f74dab10000-7f74dab11000 r--p 00022000 08:02 24117931                   /lib/x86_64-linux-gnu/ld-2.19.so
7f74dab11000-7f74dab12000 rw-p 00023000 08:02 24117931                   /lib/x86_64-linux-gnu/ld-2.19.so
7f74dab12000-7f74dab13000 rw-p 00000000 00:00 0 
7fff63f58000-7fff63f79000 rw-p 00000000 00:00 0                          [stack]
7fff63fdf000-7fff63fe1000 r-xp 00000000 00:00 0                          [vdso]
ffffffffff600000-ffffffffff601000 r-xp 00000000 00:00 0                  [vsyscall]

VM Arguments:
jvm_args: -Dfile.encoding=UTF-8 
java_command: gui.GuiMain
java_class_path (initial): /home/user/workspace/workspace/bin
Launcher Type: SUN_STANDARD

Environment Variables:
PATH=/usr/local/sbin:/usr/local/bin:/usr/sbin:/usr/bin:/sbin:/bin:/usr/games:/usr/local/games
SHELL=/bin/bash
DISPLAY=:0

Signal Handlers:
SIGSEGV: [libjvm.so+0xa79a80], sa_mask[0]=11111111011111111101111111111110, sa_flags=SA_RESTART|SA_SIGINFO
SIGBUS: [libjvm.so+0xa79a80], sa_mask[0]=11111111011111111101111111111110, sa_flags=SA_RESTART|SA_SIGINFO
SIGFPE: [libjvm.so+0x8e24e0], sa_mask[0]=11111111011111111101111111111110, sa_flags=SA_RESTART|SA_SIGINFO
SIGPIPE: [libjvm.so+0x8e24e0], sa_mask[0]=11111111011111111101111111111110, sa_flags=SA_RESTART|SA_SIGINFO
SIGXFSZ: [libjvm.so+0x8e24e0], sa_mask[0]=11111111011111111101111111111110, sa_flags=SA_RESTART|SA_SIGINFO
SIGILL: [libjvm.so+0x8e24e0], sa_mask[0]=11111111011111111101111111111110, sa_flags=SA_RESTART|SA_SIGINFO
SIGUSR1: SIG_DFL, sa_mask[0]=00000000000000000000000000000000, sa_flags=none
SIGUSR2: [libjvm.so+0x8e3d10], sa_mask[0]=00100000000000000000000000000000, sa_flags=SA_RESTART|SA_SIGINFO
SIGHUP: [libjvm.so+0x8e50d0], sa_mask[0]=11111111011111111101111111111110, sa_flags=SA_RESTART|SA_SIGINFO
SIGINT: [libjvm.so+0x8e50d0], sa_mask[0]=11111111011111111101111111111110, sa_flags=SA_RESTART|SA_SIGINFO
SIGTERM: [libjvm.so+0x8e50d0], sa_mask[0]=11111111011111111101111111111110, sa_flags=SA_RESTART|SA_SIGINFO
SIGQUIT: [libjvm.so+0x8e50d0], sa_mask[0]=11111111011111111101111111111110, sa_flags=SA_RESTART|SA_SIGINFO


---------------  S Y S T E M  ---------------

OS:DISTRIB_ID=Ubuntu
DISTRIB_RELEASE=14.04
DISTRIB_CODENAME=trusty
DISTRIB_DESCRIPTION="Ubuntu 14.04.1 LTS"

uname:Linux 3.13.0-44-generic #73-Ubuntu SMP Tue Dec 16 00:22:43 UTC 2014 x86_64
libc:glibc 2.19 NPTL 2.19 
rlimit: STACK 8192k, CORE 0k, NPROC 30171, NOFILE 4096, AS infinity
load average:14,58 4,18 1,80

/proc/meminfo:
MemTotal:        3942748 kB
MemFree:         2085956 kB
Buffers:           17248 kB
Cached:           370568 kB
SwapCached:        90936 kB
Active:          1139516 kB
Inactive:         556156 kB
Active(anon):    1062224 kB
Inactive(anon):   386168 kB
Active(file):      77292 kB
Inactive(file):   169988 kB
Unevictable:          16 kB
Mlocked:              16 kB
SwapTotal:       4088828 kB
SwapFree:        3743484 kB
Dirty:              2684 kB
Writeback:             8 kB
AnonPages:       1255260 kB
Mapped:            75992 kB
Shmem:            140416 kB
Slab:              79124 kB
SReclaimable:      37976 kB
SUnreclaim:        41148 kB
KernelStack:        5824 kB
PageTables:        17784 kB
NFS_Unstable:          0 kB
Bounce:                0 kB
WritebackTmp:          0 kB
CommitLimit:     6060200 kB
Committed_AS:    4622980 kB
VmallocTotal:   34359738367 kB
VmallocUsed:      349032 kB
VmallocChunk:   34359373820 kB
HardwareCorrupted:     0 kB
AnonHugePages:    837632 kB
HugePages_Total:       0
HugePages_Free:        0
HugePages_Rsvd:        0
HugePages_Surp:        0
Hugepagesize:       2048 kB
DirectMap4k:       75520 kB
DirectMap2M:     4014080 kB


CPU:total 4 (2 cores per cpu, 2 threads per core) family 6 model 42 stepping 7, cmov, cx8, fxsr, mmx, sse, sse2, sse3, ssse3, sse4.1, sse4.2, popcnt, avx, clmul, ht, tsc, tscinvbit

/proc/cpuinfo:
processor	: 0
vendor_id	: GenuineIntel
cpu family	: 6
model		: 42
model name	: Intel(R) Core(TM) i3-2328M CPU @ 2.20GHz
stepping	: 7
microcode	: 0x28
cpu MHz		: 2200.000
cache size	: 3072 KB
physical id	: 0
siblings	: 4
core id		: 0
cpu cores	: 2
apicid		: 0
initial apicid	: 0
fpu		: yes
fpu_exception	: yes
cpuid level	: 13
wp		: yes
flags		: fpu vme de pse tsc msr pae mce cx8 apic sep mtrr pge mca cmov pat pse36 clflush dts acpi mmx fxsr sse sse2 ss ht tm pbe syscall nx rdtscp lm constant_tsc arch_perfmon pebs bts rep_good nopl xtopology nonstop_tsc aperfmperf eagerfpu pni pclmulqdq dtes64 monitor ds_cpl vmx est tm2 ssse3 cx16 xtpr pdcm pcid sse4_1 sse4_2 x2apic popcnt tsc_deadline_timer xsave avx lahf_lm arat epb xsaveopt pln pts dtherm tpr_shadow vnmi flexpriority ept vpid
bogomips	: 4390.04
clflush size	: 64
cache_alignment	: 64
address sizes	: 36 bits physical, 48 bits virtual
power management:

processor	: 1
vendor_id	: GenuineIntel
cpu family	: 6
model		: 42
model name	: Intel(R) Core(TM) i3-2328M CPU @ 2.20GHz
stepping	: 7
microcode	: 0x28
cpu MHz		: 2200.000
cache size	: 3072 KB
physical id	: 0
siblings	: 4
core id		: 0
cpu cores	: 2
apicid		: 1
initial apicid	: 1
fpu		: yes
fpu_exception	: yes
cpuid level	: 13
wp		: yes
flags		: fpu vme de pse tsc msr pae mce cx8 apic sep mtrr pge mca cmov pat pse36 clflush dts acpi mmx fxsr sse sse2 ss ht tm pbe syscall nx rdtscp lm constant_tsc arch_perfmon pebs bts rep_good nopl xtopology nonstop_tsc aperfmperf eagerfpu pni pclmulqdq dtes64 monitor ds_cpl vmx est tm2 ssse3 cx16 xtpr pdcm pcid sse4_1 sse4_2 x2apic popcnt tsc_deadline_timer xsave avx lahf_lm arat epb xsaveopt pln pts dtherm tpr_shadow vnmi flexpriority ept vpid
bogomips	: 4390.04
clflush size	: 64
cache_alignment	: 64
address sizes	: 36 bits physical, 48 bits virtual
power management:

processor	: 2
vendor_id	: GenuineIntel
cpu family	: 6
model		: 42
model name	: Intel(R) Core(TM) i3-2328M CPU @ 2.20GHz
stepping	: 7
microcode	: 0x28
cpu MHz		: 2200.000
cache size	: 3072 KB
physical id	: 0
siblings	: 4
core id		: 1
cpu cores	: 2
apicid		: 2
initial apicid	: 2
fpu		: yes
fpu_exception	: yes
cpuid level	: 13
wp		: yes
flags		: fpu vme de pse tsc msr pae mce cx8 apic sep mtrr pge mca cmov pat pse36 clflush dts acpi mmx fxsr sse sse2 ss ht tm pbe syscall nx rdtscp lm constant_tsc arch_perfmon pebs bts rep_good nopl xtopology nonstop_tsc aperfmperf eagerfpu pni pclmulqdq dtes64 monitor ds_cpl vmx est tm2 ssse3 cx16 xtpr pdcm pcid sse4_1 sse4_2 x2apic popcnt tsc_deadline_timer xsave avx lahf_lm arat epb xsaveopt pln pts dtherm tpr_shadow vnmi flexpriority ept vpid
bogomips	: 4390.04
clflush size	: 64
cache_alignment	: 64
address sizes	: 36 bits physical, 48 bits virtual
power management:

processor	: 3
vendor_id	: GenuineIntel
cpu family	: 6
model		: 42
model name	: Intel(R) Core(TM) i3-2328M CPU @ 2.20GHz
stepping	: 7
microcode	: 0x28
cpu MHz		: 2200.000
cache size	: 3072 KB
physical id	: 0
siblings	: 4
core id		: 1
cpu cores	: 2
apicid		: 3
initial apicid	: 3
fpu		: yes
fpu_exception	: yes
cpuid level	: 13
wp		: yes
flags		: fpu vme de pse tsc msr pae mce cx8 apic sep mtrr pge mca cmov pat pse36 clflush dts acpi mmx fxsr sse sse2 ss ht tm pbe syscall nx rdtscp lm constant_tsc arch_perfmon pebs bts rep_good nopl xtopology nonstop_tsc aperfmperf eagerfpu pni pclmulqdq dtes64 monitor ds_cpl vmx est tm2 ssse3 cx16 xtpr pdcm pcid sse4_1 sse4_2 x2apic popcnt tsc_deadline_timer xsave avx lahf_lm arat epb xsaveopt pln pts dtherm tpr_shadow vnmi flexpriority ept vpid
bogomips	: 4390.04
clflush size	: 64
cache_alignment	: 64
address sizes	: 36 bits physical, 48 bits virtual
power management:



Memory: 4k page, physical 3942748k(2085956k free), swap 4088828k(3743484k free)

vm_info: Java HotSpot(TM) 64-Bit Server VM (25.25-b02) for linux-amd64 JRE (1.8.0_25-b17), built on Sep 17 2014 17:32:11 by "java_re" with gcc 4.3.0 20080428 (Red Hat 4.3.0-8)

time: Tue Jan 27 13:23:24 2015
elapsed time: 1273 seconds (0d 0h 21m 13s)

