#
# A fatal error has been detected by the Java Runtime Environment:
#
#  SIGSEGV (0xb) at pc=0x00007fdf6bfcf3fa, pid=11120, tid=140597374789376
#
# JRE version: Java(TM) SE Runtime Environment (8.0_25-b17) (build 1.8.0_25-b17)
# Java VM: Java HotSpot(TM) 64-Bit Server VM (25.25-b02 mixed mode linux-amd64 compressed oops)
# Problematic frame:
# v  ~BufferBlob::jni_fast_GetLongField
#
# Failed to write core dump. Core dumps have been disabled. To enable core dumping, try "ulimit -c unlimited" before starting Java again
#
# If you would like to submit a bug report, please visit:
#   http://bugreport.sun.com/bugreport/crash.jsp
# The crash happened outside the Java Virtual Machine in native code.
# See problematic frame for where to report the bug.
#

---------------  T H R E A D  ---------------

Current thread (0x00007fdf7c1bf000):  JavaThread "AWT-XAWT" daemon [_thread_in_native, id=11144, stack(0x00007fdf6084a000,0x00007fdf6094b000)]

siginfo: si_signo: 11 (SIGSEGV), si_code: 1 (SEGV_MAPERR), si_addr: 0x0000000000000000

Registers:
RAX=0x00007fdf81384340, RBX=0x00007fdf7c1bf1e8, RCX=0x00007fdf81dde320, RDX=0x0000000000000042
RSP=0x00007fdf609494f8, RBP=0x00007fdf60949520, RSI=0x0000000000000000, RDI=0x00007fdf7c1bf1e8
R8 =0x0000000000000005, R9 =0x0000000000000000, R10=0x0000000000000024, R11=0x00007fdf6c268018
R12=0x00007fdf200128b0, R13=0x0000000000000000, R14=0x00007fdf626d37c0, R15=0x00007fdf7c1bf000
RIP=0x00007fdf6bfcf3fa, EFLAGS=0x0000000000010246, CSGSFS=0x0000000000000033, ERR=0x0000000000000004
  TRAPNO=0x000000000000000e

Top of Stack: (sp=0x00007fdf609494f8)
0x00007fdf609494f8:   00007fdf624b20a1 00007fdf6911c588
0x00007fdf60949508:   00007fdf200128b0 00007fdf609495d0
0x00007fdf60949518:   00007fdf609495a0 0000000000000000
0x00007fdf60949528:   00007fdf61f95ae8 00007fdf6911c588
0x00007fdf60949538:   00007fdf60949560 0000000000000000
0x00007fdf60949548:   00007fdf61f8d9a3 00007fdf609495d0
0x00007fdf60949558:   00007fdf624ab39f 00007fdf609495b0
0x00007fdf60949568:   00007fdf6c2680b6 0000000000000000
0x00007fdf60949578:   00007fdf6c146e76 00007fdf609495d0
0x00007fdf60949588:   00007fdf6c0e19ec 00007fdf60949630
0x00007fdf60949598:   00000000ec057370 00000000ebfd9f90
0x00007fdf609495a8:   0000000000000001 00007fdf60949630
0x00007fdf609495b8:   00007fdf6bf6d160 00007fdf60949630
0x00007fdf609495c8:   00007fdf6bf6d160 0000000000000000
0x00007fdf609495d8:   00007fdf6bf6d4a0 00007fdf28000ea0
0x00007fdf609495e8:   00000000ec17b4b0 00007fdf609495f0
0x00007fdf609495f8:   00007fdf691f7b1c 00007fdf60949678
0x00007fdf60949608:   00007fdf69200b40 0000000000000000
0x00007fdf60949618:   00007fdf691f7c50 00007fdf609495d0
0x00007fdf60949628:   00007fdf60949670 00007fdf609496c0
0x00007fdf60949638:   00007fdf6bf6d98d 0000000000000000
0x00007fdf60949648:   00000000ec265bd0 0000000000000000
0x00007fdf60949658:   0000000000000000 0000000000000000
0x00007fdf60949668:   00000000ec17b4b0 0000000000000000
0x00007fdf60949678:   00000000ec128390 00007fdf60949680
0x00007fdf60949688:   00007fdf691f795d 00007fdf609496d0
0x00007fdf60949698:   00007fdf69200b40 0000000000000000
0x00007fdf609496a8:   00007fdf691f7968 00007fdf60949670
0x00007fdf609496b8:   00007fdf609496d0 00007fdf60949718
0x00007fdf609496c8:   00007fdf6bf6d9d2 00000000ec128390
0x00007fdf609496d8:   00007fdf609496d8 00007fdf68de948b
0x00007fdf609496e8:   00007fdf60949728 00007fdf68e5c370 

Instructions: (pc=0x00007fdf6bfcf3fa)
0x00007fdf6bfcf3da:   00 00 00 00 00 00 44 8b 15 01 c4 3e 15 4c 8b ce
0x00007fdf6bfcf3ea:   41 f6 c2 01 0f 85 2e 00 00 00 4d 33 ca 4d 33 ca
0x00007fdf6bfcf3fa:   4d 8b 09 4c 8b da 49 c1 eb 02 4b 8b 04 19 49 bb
0x00007fdf6bfcf40a:   e8 b7 3b 81 df 7f 00 00 4c 33 d8 4c 33 d8 45 3b 

Register to memory mapping:

RAX=0x00007fdf81384340: <offset 0xf23340> in /opt/jre1.8.0_25/lib/amd64/server/libjvm.so at 0x00007fdf80461000
RBX=0x00007fdf7c1bf1e8 is an unknown value
RCX=0x00007fdf81dde320: <offset 0x219320> in /lib/x86_64-linux-gnu/libpthread.so.0 at 0x00007fdf81bc5000
RDX=0x0000000000000042 is an unknown value
RSP=0x00007fdf609494f8 is pointing into the stack for thread: 0x00007fdf7c1bf000
RBP=0x00007fdf60949520 is pointing into the stack for thread: 0x00007fdf7c1bf000
RSI=0x0000000000000000 is an unknown value
RDI=0x00007fdf7c1bf1e8 is an unknown value
R8 =0x0000000000000005 is an unknown value
R9 =0x0000000000000000 is an unknown value
R10=0x0000000000000024 is an unknown value
R11=0x00007fdf6c268018 is at entry_point+24 in (nmethod*)0x00007fdf6c267e90
R12=0x00007fdf200128b0 is an unknown value
R13=0x0000000000000000 is an unknown value
R14=0x00007fdf626d37c0: <offset 0x2587c0> in /opt/jre1.8.0_25/lib/amd64/libawt_xawt.so at 0x00007fdf6247b000
R15=0x00007fdf7c1bf000 is a thread


Stack: [0x00007fdf6084a000,0x00007fdf6094b000],  sp=0x00007fdf609494f8,  free space=1021k
Native frames: (J=compiled Java code, j=interpreted, Vv=VM code, C=native code)
v  ~BufferBlob::jni_fast_GetLongField
C  [libX11.so.6+0x61ae8]  _XimServerDestroy+0x58

Java frames: (J=compiled Java code, j=interpreted, Vv=VM code)
J 762  sun.awt.X11.XlibWrapper.XFilterEvent(JJ)Z (0 bytes) @ 0x00007fdf6c268044 [0x00007fdf6c268000+0x44]
j  sun.awt.X11.XToolkit.run(Z)V+300
j  sun.awt.X11.XToolkit.run()V+5
j  java.lang.Thread.run()V+11
v  ~StubRoutines::call_stub

---------------  P R O C E S S  ---------------

Java Threads: ( => current thread )
  0x00007fdf2001e000 JavaThread "TimerQueue" daemon [_thread_blocked, id=11148, stack(0x00007fdf5bc80000,0x00007fdf5bd81000)]
  0x00007fdf7c009800 JavaThread "DestroyJavaVM" [_thread_blocked, id=11128, stack(0x00007fdf81ee2000,0x00007fdf81fe3000)]
  0x00007fdf7c257800 JavaThread "AWT-EventQueue-0" [_thread_blocked, id=11146, stack(0x00007fdf60020000,0x00007fdf60121000)]
  0x00007fdf7c217000 JavaThread "AWT-Shutdown" [_thread_blocked, id=11145, stack(0x00007fdf60749000,0x00007fdf6084a000)]
=>0x00007fdf7c1bf000 JavaThread "AWT-XAWT" daemon [_thread_in_native, id=11144, stack(0x00007fdf6084a000,0x00007fdf6094b000)]
  0x00007fdf7c19d800 JavaThread "Java2D Disposer" daemon [_thread_blocked, id=11143, stack(0x00007fdf60d5b000,0x00007fdf60e5c000)]
  0x00007fdf7c0b3000 JavaThread "Service Thread" daemon [_thread_blocked, id=11140, stack(0x00007fdf62aa7000,0x00007fdf62ba8000)]
  0x00007fdf7c0b0000 JavaThread "C1 CompilerThread2" daemon [_thread_blocked, id=11139, stack(0x00007fdf62ba8000,0x00007fdf62ca9000)]
  0x00007fdf7c0ae000 JavaThread "C2 CompilerThread1" daemon [_thread_blocked, id=11138, stack(0x00007fdf62ca9000,0x00007fdf62daa000)]
  0x00007fdf7c0ab000 JavaThread "C2 CompilerThread0" daemon [_thread_blocked, id=11137, stack(0x00007fdf62daa000,0x00007fdf62eab000)]
  0x00007fdf7c0a9800 JavaThread "Signal Dispatcher" daemon [_thread_blocked, id=11136, stack(0x00007fdf62eab000,0x00007fdf62fac000)]
  0x00007fdf7c07c000 JavaThread "Finalizer" daemon [_thread_blocked, id=11135, stack(0x00007fdf637f8000,0x00007fdf638f9000)]
  0x00007fdf7c07a000 JavaThread "Reference Handler" daemon [_thread_blocked, id=11134, stack(0x00007fdf638f9000,0x00007fdf639fa000)]

Other Threads:
  0x00007fdf7c072800 VMThread [stack: 0x00007fdf639fa000,0x00007fdf63afb000] [id=11133]
  0x00007fdf7c0d2000 WatcherThread [stack: 0x00007fdf629a6000,0x00007fdf62aa7000] [id=11141]

VM state:not at safepoint (normal execution)

VM Mutex/Monitor currently owned by a thread: None

Heap:
 PSYoungGen      total 18432K, used 6351K [0x00000000ebf00000, 0x00000000ed380000, 0x0000000100000000)
  eden space 15872K, 40% used [0x00000000ebf00000,0x00000000ec533e60,0x00000000ece80000)
  from space 2560K, 0% used [0x00000000ed100000,0x00000000ed100000,0x00000000ed380000)
  to   space 2560K, 0% used [0x00000000ece80000,0x00000000ece80000,0x00000000ed100000)
 ParOldGen       total 42496K, used 0K [0x00000000c3c00000, 0x00000000c6580000, 0x00000000ebf00000)
  object space 42496K, 0% used [0x00000000c3c00000,0x00000000c3c00000,0x00000000c6580000)
 Metaspace       used 11237K, capacity 11374K, committed 11648K, reserved 1058816K
  class space    used 1306K, capacity 1377K, committed 1408K, reserved 1048576K

Card table byte_map: [0x00007fdf6b9c3000,0x00007fdf6bba6000] byte_map_base: 0x00007fdf6b3a5000

Marking Bits: (ParMarkBitMap*) 0x00007fdf813bb2c0
 Begin Bits: [0x00007fdf6979f000, 0x00007fdf6a6af000)
 End Bits:   [0x00007fdf6a6af000, 0x00007fdf6b5bf000)

Polling page: 0x00007fdf82002000

CodeCache: size=245760Kb used=3163Kb max_used=3165Kb free=242596Kb
 bounds [0x00007fdf6bf66000, 0x00007fdf6c286000, 0x00007fdf7af66000]
 total_blobs=1317 nmethods=795 adapters=437
 compilation: enabled

Compilation events (10 events):
Event: 736,654 Thread 0x00007fdf7c0b0000  791       3       java.util.Arrays::copyOf (13 bytes)
Event: 736,655 Thread 0x00007fdf7c0b0000 nmethod 791 0x00007fdf6c27d390 code [0x00007fdf6c27d500, 0x00007fdf6c27d708]
Event: 937,258 Thread 0x00007fdf7c0b0000  792   !   3       java.util.Vector$Itr::next (63 bytes)
Event: 937,259 Thread 0x00007fdf7c0b0000 nmethod 792 0x00007fdf6c27c690 code [0x00007fdf6c27c840, 0x00007fdf6c27ceb8]
Event: 937,259 Thread 0x00007fdf7c0b0000  793       3       java.util.Vector$Itr::checkForComodification (23 bytes)
Event: 937,260 Thread 0x00007fdf7c0b0000 nmethod 793 0x00007fdf6c27c210 code [0x00007fdf6c27c380, 0x00007fdf6c27c5a8]
Event: 1033,462 Thread 0x00007fdf7c0b0000  794       3       java.lang.Long::equals (30 bytes)
Event: 1033,462 Thread 0x00007fdf7c0b0000 nmethod 794 0x00007fdf6c27bad0 code [0x00007fdf6c27bc60, 0x00007fdf6c27c130]
Event: 1336,862 Thread 0x00007fdf7c0b0000  795       3       java.util.ArrayList$Itr::hasNext (20 bytes)
Event: 1336,862 Thread 0x00007fdf7c0b0000 nmethod 795 0x00007fdf6c27b6d0 code [0x00007fdf6c27b840, 0x00007fdf6c27ba10]

GC Heap History (0 events):
No events

Deoptimization events (4 events):
Event: 8,083 Thread 0x00007fdf7c257800 Uncommon trap: reason=class_check action=maybe_recompile pc=0x00007fdf6c10a8b0 method=java.lang.String.equals(Ljava/lang/Object;)Z @ 8
Event: 8,083 Thread 0x00007fdf7c257800 Uncommon trap: reason=class_check action=maybe_recompile pc=0x00007fdf6c10a8b0 method=java.lang.String.equals(Ljava/lang/Object;)Z @ 8
Event: 8,101 Thread 0x00007fdf7c257800 Uncommon trap: reason=class_check action=maybe_recompile pc=0x00007fdf6c10a8b0 method=java.lang.String.equals(Ljava/lang/Object;)Z @ 8
Event: 8,101 Thread 0x00007fdf7c257800 Uncommon trap: reason=class_check action=maybe_recompile pc=0x00007fdf6c10a8b0 method=java.lang.String.equals(Ljava/lang/Object;)Z @ 8

Internal exceptions (10 events):
Event: 2,599 Thread 0x00007fdf7c009800 Exception <a 'java/lang/NoSuchFieldError': method resolution failed> (0x00000000ec0ea0f8) thrown at [/HUDSON/workspace/8-2-build-linux-amd64/jdk8u25/1514/hotspot/src/share/vm/prims/methodHandles.cpp, line 1159]
Event: 3,193 Thread 0x00007fdf7c009800 Exception <a 'java/security/PrivilegedActionException'> (0x00000000ec1d76b8) thrown at [/HUDSON/workspace/8-2-build-linux-amd64/jdk8u25/1514/hotspot/src/share/vm/prims/jvm.cpp, line 1312]
Event: 3,193 Thread 0x00007fdf7c009800 Exception <a 'java/security/PrivilegedActionException'> (0x00000000ec1d8800) thrown at [/HUDSON/workspace/8-2-build-linux-amd64/jdk8u25/1514/hotspot/src/share/vm/prims/jvm.cpp, line 1312]
Event: 3,193 Thread 0x00007fdf7c009800 Exception <a 'java/security/PrivilegedActionException'> (0x00000000ec1da058) thrown at [/HUDSON/workspace/8-2-build-linux-amd64/jdk8u25/1514/hotspot/src/share/vm/prims/jvm.cpp, line 1312]
Event: 3,193 Thread 0x00007fdf7c009800 Exception <a 'java/security/PrivilegedActionException'> (0x00000000ec1db1e0) thrown at [/HUDSON/workspace/8-2-build-linux-amd64/jdk8u25/1514/hotspot/src/share/vm/prims/jvm.cpp, line 1312]
Event: 3,194 Thread 0x00007fdf7c009800 Exception <a 'java/security/PrivilegedActionException'> (0x00000000ec1dfc38) thrown at [/HUDSON/workspace/8-2-build-linux-amd64/jdk8u25/1514/hotspot/src/share/vm/prims/jvm.cpp, line 1312]
Event: 3,194 Thread 0x00007fdf7c009800 Exception <a 'java/security/PrivilegedActionException'> (0x00000000ec1e0d80) thrown at [/HUDSON/workspace/8-2-build-linux-amd64/jdk8u25/1514/hotspot/src/share/vm/prims/jvm.cpp, line 1312]
Event: 3,194 Thread 0x00007fdf7c009800 Exception <a 'java/security/PrivilegedActionException'> (0x00000000ec1e25d8) thrown at [/HUDSON/workspace/8-2-build-linux-amd64/jdk8u25/1514/hotspot/src/share/vm/prims/jvm.cpp, line 1312]
Event: 3,194 Thread 0x00007fdf7c009800 Exception <a 'java/security/PrivilegedActionException'> (0x00000000ec1e3760) thrown at [/HUDSON/workspace/8-2-build-linux-amd64/jdk8u25/1514/hotspot/src/share/vm/prims/jvm.cpp, line 1312]
Event: 5,460 Thread 0x00007fdf7c257800 Exception <a 'java/lang/UnsupportedOperationException': > (0x00000000ec3b4768) thrown at [/HUDSON/workspace/8-2-build-linux-amd64/jdk8u25/1514/hotspot/src/share/vm/prims/jni.cpp, line 742]

Events (10 events):
Event: 12,124 loading class sun/awt/SunToolkit$1
Event: 12,128 loading class sun/awt/SunToolkit$1 done
Event: 12,129 loading class sun/awt/X11/XUnmapEvent
Event: 12,129 loading class sun/awt/X11/XUnmapEvent done
Event: 1367,463 loading class sun/awt/X11/XkbEvent
Event: 1368,307 loading class sun/awt/X11/XkbEvent done
Event: 1368,307 loading class sun/awt/X11/XkbAnyEvent
Event: 1370,306 loading class sun/awt/X11/XkbAnyEvent done
Event: 1380,943 loading class sun/awt/X11/XDestroyWindowEvent
Event: 1382,817 loading class sun/awt/X11/XDestroyWindowEvent done


Dynamic libraries:
00400000-00401000 r-xp 00000000 08:02 58327908                           /opt/jre1.8.0_25/bin/java
00600000-00601000 rw-p 00000000 08:02 58327908                           /opt/jre1.8.0_25/bin/java
01b19000-01b3a000 rw-p 00000000 00:00 0                                  [heap]
c3c00000-c6580000 rw-p 00000000 00:00 0 
c6580000-ebf00000 ---p 00000000 00:00 0 
ebf00000-ed380000 rw-p 00000000 00:00 0 
ed380000-100000000 ---p 00000000 00:00 0 
100000000-100160000 rw-p 00000000 00:00 0 
100160000-140000000 ---p 00000000 00:00 0 
7fdf14000000-7fdf1427b000 rw-p 00000000 00:00 0 
7fdf1427b000-7fdf18000000 ---p 00000000 00:00 0 
7fdf1c000000-7fdf1c021000 rw-p 00000000 00:00 0 
7fdf1c021000-7fdf20000000 ---p 00000000 00:00 0 
7fdf20000000-7fdf2029a000 rw-p 00000000 00:00 0 
7fdf2029a000-7fdf24000000 ---p 00000000 00:00 0 
7fdf24000000-7fdf24021000 rw-p 00000000 00:00 0 
7fdf24021000-7fdf28000000 ---p 00000000 00:00 0 
7fdf28000000-7fdf2802a000 rw-p 00000000 00:00 0 
7fdf2802a000-7fdf2c000000 ---p 00000000 00:00 0 
7fdf2c000000-7fdf2c021000 rw-p 00000000 00:00 0 
7fdf2c021000-7fdf30000000 ---p 00000000 00:00 0 
7fdf30000000-7fdf30021000 rw-p 00000000 00:00 0 
7fdf30021000-7fdf34000000 ---p 00000000 00:00 0 
7fdf34000000-7fdf34092000 rw-p 00000000 00:00 0 
7fdf34092000-7fdf38000000 ---p 00000000 00:00 0 
7fdf38000000-7fdf38733000 rw-p 00000000 00:00 0 
7fdf38733000-7fdf3c000000 ---p 00000000 00:00 0 
7fdf3c000000-7fdf3c021000 rw-p 00000000 00:00 0 
7fdf3c021000-7fdf40000000 ---p 00000000 00:00 0 
7fdf40000000-7fdf4005d000 rw-p 00000000 00:00 0 
7fdf4005d000-7fdf44000000 ---p 00000000 00:00 0 
7fdf44000000-7fdf44021000 rw-p 00000000 00:00 0 
7fdf44021000-7fdf48000000 ---p 00000000 00:00 0 
7fdf48000000-7fdf48021000 rw-p 00000000 00:00 0 
7fdf48021000-7fdf4c000000 ---p 00000000 00:00 0 
7fdf4c000000-7fdf4c021000 rw-p 00000000 00:00 0 
7fdf4c021000-7fdf50000000 ---p 00000000 00:00 0 
7fdf50000000-7fdf50021000 rw-p 00000000 00:00 0 
7fdf50021000-7fdf54000000 ---p 00000000 00:00 0 
7fdf54000000-7fdf54021000 rw-p 00000000 00:00 0 
7fdf54021000-7fdf58000000 ---p 00000000 00:00 0 
7fdf5bc80000-7fdf5bc83000 ---p 00000000 00:00 0 
7fdf5bc83000-7fdf5bd81000 rw-p 00000000 00:00 0                          [stack:11148]
7fdf5bd81000-7fdf5bdea000 r-xp 00000000 08:02 58327778                   /opt/jre1.8.0_25/lib/amd64/libt2k.so
7fdf5bdea000-7fdf5bfe9000 ---p 00069000 08:02 58327778                   /opt/jre1.8.0_25/lib/amd64/libt2k.so
7fdf5bfe9000-7fdf5bff0000 rw-p 00068000 08:02 58327778                   /opt/jre1.8.0_25/lib/amd64/libt2k.so
7fdf5bff0000-7fdf5c000000 rw-p 00000000 00:00 0 
7fdf5c000000-7fdf5c021000 rw-p 00000000 00:00 0 
7fdf5c021000-7fdf60000000 ---p 00000000 00:00 0 
7fdf60020000-7fdf60023000 ---p 00000000 00:00 0 
7fdf60023000-7fdf60121000 rw-p 00000000 00:00 0                          [stack:11146]
7fdf60121000-7fdf60132000 r-xp 00000000 08:02 58327799                   /opt/jre1.8.0_25/lib/amd64/libnio.so
7fdf60132000-7fdf60331000 ---p 00011000 08:02 58327799                   /opt/jre1.8.0_25/lib/amd64/libnio.so
7fdf60331000-7fdf60332000 rw-p 00010000 08:02 58327799                   /opt/jre1.8.0_25/lib/amd64/libnio.so
7fdf60332000-7fdf60348000 r-xp 00000000 08:02 58327775                   /opt/jre1.8.0_25/lib/amd64/libnet.so
7fdf60348000-7fdf60548000 ---p 00016000 08:02 58327775                   /opt/jre1.8.0_25/lib/amd64/libnet.so
7fdf60548000-7fdf60549000 rw-p 00016000 08:02 58327775                   /opt/jre1.8.0_25/lib/amd64/libnet.so
7fdf60549000-7fdf60749000 rw-p 00000000 00:00 0 
7fdf60749000-7fdf6074c000 ---p 00000000 00:00 0 
7fdf6074c000-7fdf6084a000 rw-p 00000000 00:00 0                          [stack:11145]
7fdf6084a000-7fdf6084d000 ---p 00000000 00:00 0 
7fdf6084d000-7fdf6094b000 rw-p 00000000 00:00 0                          [stack:11144]
7fdf6094b000-7fdf60950000 r-xp 00000000 08:02 52698511                   /usr/lib/x86_64-linux-gnu/libXfixes.so.3.1.0
7fdf60950000-7fdf60b4f000 ---p 00005000 08:02 52698511                   /usr/lib/x86_64-linux-gnu/libXfixes.so.3.1.0
7fdf60b4f000-7fdf60b50000 r--p 00004000 08:02 52698511                   /usr/lib/x86_64-linux-gnu/libXfixes.so.3.1.0
7fdf60b50000-7fdf60b51000 rw-p 00005000 08:02 52698511                   /usr/lib/x86_64-linux-gnu/libXfixes.so.3.1.0
7fdf60b51000-7fdf60b5a000 r-xp 00000000 08:02 52698503                   /usr/lib/x86_64-linux-gnu/libXcursor.so.1.0.2
7fdf60b5a000-7fdf60d59000 ---p 00009000 08:02 52698503                   /usr/lib/x86_64-linux-gnu/libXcursor.so.1.0.2
7fdf60d59000-7fdf60d5a000 r--p 00008000 08:02 52698503                   /usr/lib/x86_64-linux-gnu/libXcursor.so.1.0.2
7fdf60d5a000-7fdf60d5b000 rw-p 00009000 08:02 52698503                   /usr/lib/x86_64-linux-gnu/libXcursor.so.1.0.2
7fdf60d5b000-7fdf60d5e000 ---p 00000000 00:00 0 
7fdf60d5e000-7fdf60e5c000 rw-p 00000000 00:00 0                          [stack:11143]
7fdf60e5c000-7fdf60e72000 r-xp 00000000 08:02 24121190                   /lib/x86_64-linux-gnu/libgcc_s.so.1
7fdf60e72000-7fdf61071000 ---p 00016000 08:02 24121190                   /lib/x86_64-linux-gnu/libgcc_s.so.1
7fdf61071000-7fdf61072000 rw-p 00015000 08:02 24121190                   /lib/x86_64-linux-gnu/libgcc_s.so.1
7fdf61072000-7fdf610d6000 r-xp 00000000 08:02 58327779                   /opt/jre1.8.0_25/lib/amd64/libfontmanager.so
7fdf610d6000-7fdf612d6000 ---p 00064000 08:02 58327779                   /opt/jre1.8.0_25/lib/amd64/libfontmanager.so
7fdf612d6000-7fdf612da000 rw-p 00064000 08:02 58327779                   /opt/jre1.8.0_25/lib/amd64/libfontmanager.so
7fdf612da000-7fdf612eb000 rw-p 00000000 00:00 0 
7fdf612eb000-7fdf612f0000 r-xp 00000000 08:02 52698507                   /usr/lib/x86_64-linux-gnu/libXdmcp.so.6.0.0
7fdf612f0000-7fdf614ef000 ---p 00005000 08:02 52698507                   /usr/lib/x86_64-linux-gnu/libXdmcp.so.6.0.0
7fdf614ef000-7fdf614f0000 r--p 00004000 08:02 52698507                   /usr/lib/x86_64-linux-gnu/libXdmcp.so.6.0.0
7fdf614f0000-7fdf614f1000 rw-p 00005000 08:02 52698507                   /usr/lib/x86_64-linux-gnu/libXdmcp.so.6.0.0
7fdf614f1000-7fdf614f3000 r-xp 00000000 08:02 52698496                   /usr/lib/x86_64-linux-gnu/libXau.so.6.0.0
7fdf614f3000-7fdf616f3000 ---p 00002000 08:02 52698496                   /usr/lib/x86_64-linux-gnu/libXau.so.6.0.0
7fdf616f3000-7fdf616f4000 r--p 00002000 08:02 52698496                   /usr/lib/x86_64-linux-gnu/libXau.so.6.0.0
7fdf616f4000-7fdf616f5000 rw-p 00003000 08:02 52698496                   /usr/lib/x86_64-linux-gnu/libXau.so.6.0.0
7fdf616f5000-7fdf61712000 r-xp 00000000 08:02 52699566                   /usr/lib/x86_64-linux-gnu/libxcb.so.1.1.0
7fdf61712000-7fdf61912000 ---p 0001d000 08:02 52699566                   /usr/lib/x86_64-linux-gnu/libxcb.so.1.1.0
7fdf61912000-7fdf61913000 r--p 0001d000 08:02 52699566                   /usr/lib/x86_64-linux-gnu/libxcb.so.1.1.0
7fdf61913000-7fdf61914000 rw-p 0001e000 08:02 52699566                   /usr/lib/x86_64-linux-gnu/libxcb.so.1.1.0
7fdf61914000-7fdf61923000 r-xp 00000000 08:02 52698517                   /usr/lib/x86_64-linux-gnu/libXi.so.6.1.0
7fdf61923000-7fdf61b22000 ---p 0000f000 08:02 52698517                   /usr/lib/x86_64-linux-gnu/libXi.so.6.1.0
7fdf61b22000-7fdf61b23000 r--p 0000e000 08:02 52698517                   /usr/lib/x86_64-linux-gnu/libXi.so.6.1.0
7fdf61b23000-7fdf61b24000 rw-p 0000f000 08:02 52698517                   /usr/lib/x86_64-linux-gnu/libXi.so.6.1.0
7fdf61b24000-7fdf61b29000 r-xp 00000000 08:02 52698537                   /usr/lib/x86_64-linux-gnu/libXtst.so.6.1.0
7fdf61b29000-7fdf61d28000 ---p 00005000 08:02 52698537                   /usr/lib/x86_64-linux-gnu/libXtst.so.6.1.0
7fdf61d28000-7fdf61d29000 r--p 00004000 08:02 52698537                   /usr/lib/x86_64-linux-gnu/libXtst.so.6.1.0
7fdf61d29000-7fdf61d2a000 rw-p 00005000 08:02 52698537                   /usr/lib/x86_64-linux-gnu/libXtst.so.6.1.0
7fdf61d2a000-7fdf61d33000 r-xp 00000000 08:02 52698531                   /usr/lib/x86_64-linux-gnu/libXrender.so.1.3.0
7fdf61d33000-7fdf61f32000 ---p 00009000 08:02 52698531                   /usr/lib/x86_64-linux-gnu/libXrender.so.1.3.0
7fdf61f32000-7fdf61f33000 r--p 00008000 08:02 52698531                   /usr/lib/x86_64-linux-gnu/libXrender.so.1.3.0
7fdf61f33000-7fdf61f34000 rw-p 00009000 08:02 52698531                   /usr/lib/x86_64-linux-gnu/libXrender.so.1.3.0
7fdf61f34000-7fdf62064000 r-xp 00000000 08:02 52698492                   /usr/lib/x86_64-linux-gnu/libX11.so.6.3.0
7fdf62064000-7fdf62264000 ---p 00130000 08:02 52698492                   /usr/lib/x86_64-linux-gnu/libX11.so.6.3.0
7fdf62264000-7fdf62265000 r--p 00130000 08:02 52698492                   /usr/lib/x86_64-linux-gnu/libX11.so.6.3.0
7fdf62265000-7fdf62269000 rw-p 00131000 08:02 52698492                   /usr/lib/x86_64-linux-gnu/libX11.so.6.3.0
7fdf62269000-7fdf6227a000 r-xp 00000000 08:02 52698509                   /usr/lib/x86_64-linux-gnu/libXext.so.6.4.0
7fdf6227a000-7fdf62479000 ---p 00011000 08:02 52698509                   /usr/lib/x86_64-linux-gnu/libXext.so.6.4.0
7fdf62479000-7fdf6247a000 r--p 00010000 08:02 52698509                   /usr/lib/x86_64-linux-gnu/libXext.so.6.4.0
7fdf6247a000-7fdf6247b000 rw-p 00011000 08:02 52698509                   /usr/lib/x86_64-linux-gnu/libXext.so.6.4.0
7fdf6247b000-7fdf624cf000 r-xp 00000000 08:02 58327787                   /opt/jre1.8.0_25/lib/amd64/libawt_xawt.so
7fdf624cf000-7fdf626cf000 ---p 00054000 08:02 58327787                   /opt/jre1.8.0_25/lib/amd64/libawt_xawt.so
7fdf626cf000-7fdf626d3000 rw-p 00054000 08:02 58327787                   /opt/jre1.8.0_25/lib/amd64/libawt_xawt.so
7fdf626d3000-7fdf626d4000 rw-p 00000000 00:00 0 
7fdf626d4000-7fdf62776000 r-xp 00000000 08:02 58327793                   /opt/jre1.8.0_25/lib/amd64/libawt.so
7fdf62776000-7fdf62976000 ---p 000a2000 08:02 58327793                   /opt/jre1.8.0_25/lib/amd64/libawt.so
7fdf62976000-7fdf62982000 rw-p 000a2000 08:02 58327793                   /opt/jre1.8.0_25/lib/amd64/libawt.so
7fdf62982000-7fdf629a6000 rw-p 00000000 00:00 0 
7fdf629a6000-7fdf629a7000 ---p 00000000 00:00 0 
7fdf629a7000-7fdf62aa7000 rw-p 00000000 00:00 0                          [stack:11141]
7fdf62aa7000-7fdf62aaa000 ---p 00000000 00:00 0 
7fdf62aaa000-7fdf62ba8000 rw-p 00000000 00:00 0                          [stack:11140]
7fdf62ba8000-7fdf62bab000 ---p 00000000 00:00 0 
7fdf62bab000-7fdf62ca9000 rw-p 00000000 00:00 0                          [stack:11139]
7fdf62ca9000-7fdf62cac000 ---p 00000000 00:00 0 
7fdf62cac000-7fdf62daa000 rw-p 00000000 00:00 0                          [stack:11138]
7fdf62daa000-7fdf62dad000 ---p 00000000 00:00 0 
7fdf62dad000-7fdf62eab000 rw-p 00000000 00:00 0                          [stack:11137]
7fdf62eab000-7fdf62eae000 ---p 00000000 00:00 0 
7fdf62eae000-7fdf62fac000 rw-p 00000000 00:00 0                          [stack:11136]
7fdf62fac000-7fdf637f8000 r--p 00000000 08:02 52697607                   /usr/lib/locale/locale-archive
7fdf637f8000-7fdf637fb000 ---p 00000000 00:00 0 
7fdf637fb000-7fdf638f9000 rw-p 00000000 00:00 0                          [stack:11135]
7fdf638f9000-7fdf638fc000 ---p 00000000 00:00 0 
7fdf638fc000-7fdf639fa000 rw-p 00000000 00:00 0                          [stack:11134]
7fdf639fa000-7fdf639fb000 ---p 00000000 00:00 0 
7fdf639fb000-7fdf64000000 rw-p 00000000 00:00 0                          [stack:11133]
7fdf64000000-7fdf64021000 rw-p 00000000 00:00 0 
7fdf64021000-7fdf68000000 ---p 00000000 00:00 0 
7fdf68054000-7fdf68085000 rw-p 00000000 00:00 0 
7fdf68085000-7fdf680b5000 r--p 00000000 08:02 57151065                   /usr/share/locale-langpack/uk/LC_MESSAGES/libc.mo
7fdf680b5000-7fdf68b71000 rw-p 00000000 00:00 0 
7fdf68b71000-7fdf68d47000 r--s 03caa000 08:02 58327817                   /opt/jre1.8.0_25/lib/rt.jar
7fdf68d47000-7fdf6b5bf000 rw-p 00000000 00:00 0 
7fdf6b5bf000-7fdf6b5c0000 ---p 00000000 00:00 0 
7fdf6b5c0000-7fdf6b6c0000 rw-p 00000000 00:00 0                          [stack:11132]
7fdf6b6c0000-7fdf6b6c1000 ---p 00000000 00:00 0 
7fdf6b6c1000-7fdf6b7c1000 rw-p 00000000 00:00 0                          [stack:11131]
7fdf6b7c1000-7fdf6b7c2000 ---p 00000000 00:00 0 
7fdf6b7c2000-7fdf6b8c2000 rw-p 00000000 00:00 0                          [stack:11130]
7fdf6b8c2000-7fdf6b8c3000 ---p 00000000 00:00 0 
7fdf6b8c3000-7fdf6b9d8000 rw-p 00000000 00:00 0                          [stack:11129]
7fdf6b9d8000-7fdf6bb04000 ---p 00000000 00:00 0 
7fdf6bb04000-7fdf6bb0f000 rw-p 00000000 00:00 0 
7fdf6bb0f000-7fdf6bba5000 ---p 00000000 00:00 0 
7fdf6bba5000-7fdf6bbb3000 rw-p 00000000 00:00 0 
7fdf6bbb3000-7fdf6bf66000 ---p 00000000 00:00 0 
7fdf6bf66000-7fdf6c286000 rwxp 00000000 00:00 0 
7fdf6c286000-7fdf7af66000 ---p 00000000 00:00 0 
7fdf7af66000-7fdf7af80000 r-xp 00000000 08:02 58327769                   /opt/jre1.8.0_25/lib/amd64/libzip.so
7fdf7af80000-7fdf7b180000 ---p 0001a000 08:02 58327769                   /opt/jre1.8.0_25/lib/amd64/libzip.so
7fdf7b180000-7fdf7b181000 rw-p 0001a000 08:02 58327769                   /opt/jre1.8.0_25/lib/amd64/libzip.so
7fdf7b181000-7fdf7b18c000 r-xp 00000000 08:02 24117951                   /lib/x86_64-linux-gnu/libnss_files-2.19.so
7fdf7b18c000-7fdf7b38b000 ---p 0000b000 08:02 24117951                   /lib/x86_64-linux-gnu/libnss_files-2.19.so
7fdf7b38b000-7fdf7b38c000 r--p 0000a000 08:02 24117951                   /lib/x86_64-linux-gnu/libnss_files-2.19.so
7fdf7b38c000-7fdf7b38d000 rw-p 0000b000 08:02 24117951                   /lib/x86_64-linux-gnu/libnss_files-2.19.so
7fdf7b38d000-7fdf7b398000 r-xp 00000000 08:02 24117948                   /lib/x86_64-linux-gnu/libnss_nis-2.19.so
7fdf7b398000-7fdf7b597000 ---p 0000b000 08:02 24117948                   /lib/x86_64-linux-gnu/libnss_nis-2.19.so
7fdf7b597000-7fdf7b598000 r--p 0000a000 08:02 24117948                   /lib/x86_64-linux-gnu/libnss_nis-2.19.so
7fdf7b598000-7fdf7b599000 rw-p 0000b000 08:02 24117948                   /lib/x86_64-linux-gnu/libnss_nis-2.19.so
7fdf7b599000-7fdf7b5b0000 r-xp 00000000 08:02 24117942                   /lib/x86_64-linux-gnu/libnsl-2.19.so
7fdf7b5b0000-7fdf7b7af000 ---p 00017000 08:02 24117942                   /lib/x86_64-linux-gnu/libnsl-2.19.so
7fdf7b7af000-7fdf7b7b0000 r--p 00016000 08:02 24117942                   /lib/x86_64-linux-gnu/libnsl-2.19.so
7fdf7b7b0000-7fdf7b7b1000 rw-p 00017000 08:02 24117942                   /lib/x86_64-linux-gnu/libnsl-2.19.so
7fdf7b7b1000-7fdf7b7b3000 rw-p 00000000 00:00 0 
7fdf7b7b3000-7fdf7b7bc000 r-xp 00000000 08:02 24117939                   /lib/x86_64-linux-gnu/libnss_compat-2.19.so
7fdf7b7bc000-7fdf7b9bb000 ---p 00009000 08:02 24117939                   /lib/x86_64-linux-gnu/libnss_compat-2.19.so
7fdf7b9bb000-7fdf7b9bc000 r--p 00008000 08:02 24117939                   /lib/x86_64-linux-gnu/libnss_compat-2.19.so
7fdf7b9bc000-7fdf7b9bd000 rw-p 00009000 08:02 24117939                   /lib/x86_64-linux-gnu/libnss_compat-2.19.so
7fdf7b9bd000-7fdf7b9e7000 r-xp 00000000 08:02 58327749                   /opt/jre1.8.0_25/lib/amd64/libjava.so
7fdf7b9e7000-7fdf7bbe7000 ---p 0002a000 08:02 58327749                   /opt/jre1.8.0_25/lib/amd64/libjava.so
7fdf7bbe7000-7fdf7bbe9000 rw-p 0002a000 08:02 58327749                   /opt/jre1.8.0_25/lib/amd64/libjava.so
7fdf7bbe9000-7fdf7bbf6000 r-xp 00000000 08:02 58327763                   /opt/jre1.8.0_25/lib/amd64/libverify.so
7fdf7bbf6000-7fdf7bdf6000 ---p 0000d000 08:02 58327763                   /opt/jre1.8.0_25/lib/amd64/libverify.so
7fdf7bdf6000-7fdf7bdf8000 rw-p 0000d000 08:02 58327763                   /opt/jre1.8.0_25/lib/amd64/libverify.so
7fdf7bdf8000-7fdf7bdff000 r-xp 00000000 08:02 24117934                   /lib/x86_64-linux-gnu/librt-2.19.so
7fdf7bdff000-7fdf7bffe000 ---p 00007000 08:02 24117934                   /lib/x86_64-linux-gnu/librt-2.19.so
7fdf7bffe000-7fdf7bfff000 r--p 00006000 08:02 24117934                   /lib/x86_64-linux-gnu/librt-2.19.so
7fdf7bfff000-7fdf7c000000 rw-p 00007000 08:02 24117934                   /lib/x86_64-linux-gnu/librt-2.19.so
7fdf7c000000-7fdf7c25f000 rw-p 00000000 00:00 0 
7fdf7c25f000-7fdf80000000 ---p 00000000 00:00 0 
7fdf80019000-7fdf8002e000 rw-p 00000000 00:00 0 
7fdf8002e000-7fdf8015b000 ---p 00000000 00:00 0 
7fdf8015b000-7fdf80260000 r-xp 00000000 08:02 24117941                   /lib/x86_64-linux-gnu/libm-2.19.so
7fdf80260000-7fdf8045f000 ---p 00105000 08:02 24117941                   /lib/x86_64-linux-gnu/libm-2.19.so
7fdf8045f000-7fdf80460000 r--p 00104000 08:02 24117941                   /lib/x86_64-linux-gnu/libm-2.19.so
7fdf80460000-7fdf80461000 rw-p 00105000 08:02 24117941                   /lib/x86_64-linux-gnu/libm-2.19.so
7fdf80461000-7fdf810ce000 r-xp 00000000 08:02 58327784                   /opt/jre1.8.0_25/lib/amd64/server/libjvm.so
7fdf810ce000-7fdf812cd000 ---p 00c6d000 08:02 58327784                   /opt/jre1.8.0_25/lib/amd64/server/libjvm.so
7fdf812cd000-7fdf813a3000 rw-p 00c6c000 08:02 58327784                   /opt/jre1.8.0_25/lib/amd64/server/libjvm.so
7fdf813a3000-7fdf813e6000 rw-p 00000000 00:00 0 
7fdf813e6000-7fdf815a1000 r-xp 00000000 08:02 24117933                   /lib/x86_64-linux-gnu/libc-2.19.so
7fdf815a1000-7fdf817a1000 ---p 001bb000 08:02 24117933                   /lib/x86_64-linux-gnu/libc-2.19.so
7fdf817a1000-7fdf817a5000 r--p 001bb000 08:02 24117933                   /lib/x86_64-linux-gnu/libc-2.19.so
7fdf817a5000-7fdf817a7000 rw-p 001bf000 08:02 24117933                   /lib/x86_64-linux-gnu/libc-2.19.so
7fdf817a7000-7fdf817ac000 rw-p 00000000 00:00 0 
7fdf817ac000-7fdf817af000 r-xp 00000000 08:02 24117937                   /lib/x86_64-linux-gnu/libdl-2.19.so
7fdf817af000-7fdf819ae000 ---p 00003000 08:02 24117937                   /lib/x86_64-linux-gnu/libdl-2.19.so
7fdf819ae000-7fdf819af000 r--p 00002000 08:02 24117937                   /lib/x86_64-linux-gnu/libdl-2.19.so
7fdf819af000-7fdf819b0000 rw-p 00003000 08:02 24117937                   /lib/x86_64-linux-gnu/libdl-2.19.so
7fdf819b0000-7fdf819c5000 r-xp 00000000 08:02 58327758                   /opt/jre1.8.0_25/lib/amd64/jli/libjli.so
7fdf819c5000-7fdf81bc4000 ---p 00015000 08:02 58327758                   /opt/jre1.8.0_25/lib/amd64/jli/libjli.so
7fdf81bc4000-7fdf81bc5000 rw-p 00014000 08:02 58327758                   /opt/jre1.8.0_25/lib/amd64/jli/libjli.so
7fdf81bc5000-7fdf81bde000 r-xp 00000000 08:02 24117950                   /lib/x86_64-linux-gnu/libpthread-2.19.so
7fdf81bde000-7fdf81ddd000 ---p 00019000 08:02 24117950                   /lib/x86_64-linux-gnu/libpthread-2.19.so
7fdf81ddd000-7fdf81dde000 r--p 00018000 08:02 24117950                   /lib/x86_64-linux-gnu/libpthread-2.19.so
7fdf81dde000-7fdf81ddf000 rw-p 00019000 08:02 24117950                   /lib/x86_64-linux-gnu/libpthread-2.19.so
7fdf81ddf000-7fdf81de3000 rw-p 00000000 00:00 0 
7fdf81de3000-7fdf81e06000 r-xp 00000000 08:02 24117931                   /lib/x86_64-linux-gnu/ld-2.19.so
7fdf81e0a000-7fdf81ee2000 rw-p 00000000 00:00 0 
7fdf81ee2000-7fdf81ee5000 ---p 00000000 00:00 0 
7fdf81ee5000-7fdf81fe7000 rw-p 00000000 00:00 0                          [stack:11128]
7fdf81fed000-7fdf81ff4000 r--s 00000000 08:02 53088912                   /usr/lib/x86_64-linux-gnu/gconv/gconv-modules.cache
7fdf81ff4000-7fdf81ff9000 r--s 002f8000 08:02 58327738                   /opt/jre1.8.0_25/lib/charsets.jar
7fdf81ff9000-7fdf82001000 rw-s 00000000 08:02 14942876                   /tmp/hsperfdata_user/11120
7fdf82001000-7fdf82002000 rw-p 00000000 00:00 0 
7fdf82002000-7fdf82003000 r--p 00000000 00:00 0 
7fdf82003000-7fdf82005000 rw-p 00000000 00:00 0 
7fdf82005000-7fdf82006000 r--p 00022000 08:02 24117931                   /lib/x86_64-linux-gnu/ld-2.19.so
7fdf82006000-7fdf82007000 rw-p 00023000 08:02 24117931                   /lib/x86_64-linux-gnu/ld-2.19.so
7fdf82007000-7fdf82008000 rw-p 00000000 00:00 0 
7fff75fd2000-7fff75ff3000 rw-p 00000000 00:00 0                          [stack]
7fff75ffe000-7fff76000000 r-xp 00000000 00:00 0                          [vdso]
ffffffffff600000-ffffffffff601000 r-xp 00000000 00:00 0                  [vsyscall]

VM Arguments:
jvm_args: -Dfile.encoding=UTF-8 
java_command: gui.GuiMain
java_class_path (initial): /home/user/workspace/workspace/bin
Launcher Type: SUN_STANDARD

Environment Variables:
PATH=/usr/local/sbin:/usr/local/bin:/usr/sbin:/usr/bin:/sbin:/bin:/usr/games:/usr/local/games
SHELL=/bin/bash
DISPLAY=:0

Signal Handlers:
SIGSEGV: [libjvm.so+0xa79a80], sa_mask[0]=11111111011111111101111111111110, sa_flags=SA_RESTART|SA_SIGINFO
SIGBUS: [libjvm.so+0xa79a80], sa_mask[0]=11111111011111111101111111111110, sa_flags=SA_RESTART|SA_SIGINFO
SIGFPE: [libjvm.so+0x8e24e0], sa_mask[0]=11111111011111111101111111111110, sa_flags=SA_RESTART|SA_SIGINFO
SIGPIPE: [libjvm.so+0x8e24e0], sa_mask[0]=11111111011111111101111111111110, sa_flags=SA_RESTART|SA_SIGINFO
SIGXFSZ: [libjvm.so+0x8e24e0], sa_mask[0]=11111111011111111101111111111110, sa_flags=SA_RESTART|SA_SIGINFO
SIGILL: [libjvm.so+0x8e24e0], sa_mask[0]=11111111011111111101111111111110, sa_flags=SA_RESTART|SA_SIGINFO
SIGUSR1: SIG_DFL, sa_mask[0]=00000000000000000000000000000000, sa_flags=none
SIGUSR2: [libjvm.so+0x8e3d10], sa_mask[0]=00100000000000000000000000000000, sa_flags=SA_RESTART|SA_SIGINFO
SIGHUP: [libjvm.so+0x8e50d0], sa_mask[0]=11111111011111111101111111111110, sa_flags=SA_RESTART|SA_SIGINFO
SIGINT: [libjvm.so+0x8e50d0], sa_mask[0]=11111111011111111101111111111110, sa_flags=SA_RESTART|SA_SIGINFO
SIGTERM: [libjvm.so+0x8e50d0], sa_mask[0]=11111111011111111101111111111110, sa_flags=SA_RESTART|SA_SIGINFO
SIGQUIT: [libjvm.so+0x8e50d0], sa_mask[0]=11111111011111111101111111111110, sa_flags=SA_RESTART|SA_SIGINFO


---------------  S Y S T E M  ---------------

OS:DISTRIB_ID=Ubuntu
DISTRIB_RELEASE=14.04
DISTRIB_CODENAME=trusty
DISTRIB_DESCRIPTION="Ubuntu 14.04.1 LTS"

uname:Linux 3.13.0-44-generic #73-Ubuntu SMP Tue Dec 16 00:22:43 UTC 2014 x86_64
libc:glibc 2.19 NPTL 2.19 
rlimit: STACK 8192k, CORE 0k, NPROC 30171, NOFILE 4096, AS infinity
load average:14,58 4,18 1,80

/proc/meminfo:
MemTotal:        3942748 kB
MemFree:         2085956 kB
Buffers:           17248 kB
Cached:           370568 kB
SwapCached:        90936 kB
Active:          1139516 kB
Inactive:         556156 kB
Active(anon):    1062224 kB
Inactive(anon):   386168 kB
Active(file):      77292 kB
Inactive(file):   169988 kB
Unevictable:          16 kB
Mlocked:              16 kB
SwapTotal:       4088828 kB
SwapFree:        3743484 kB
Dirty:              2684 kB
Writeback:             8 kB
AnonPages:       1255260 kB
Mapped:            75992 kB
Shmem:            140416 kB
Slab:              79124 kB
SReclaimable:      37976 kB
SUnreclaim:        41148 kB
KernelStack:        5824 kB
PageTables:        17784 kB
NFS_Unstable:          0 kB
Bounce:                0 kB
WritebackTmp:          0 kB
CommitLimit:     6060200 kB
Committed_AS:    4622980 kB
VmallocTotal:   34359738367 kB
VmallocUsed:      349032 kB
VmallocChunk:   34359373820 kB
HardwareCorrupted:     0 kB
AnonHugePages:    837632 kB
HugePages_Total:       0
HugePages_Free:        0
HugePages_Rsvd:        0
HugePages_Surp:        0
Hugepagesize:       2048 kB
DirectMap4k:       75520 kB
DirectMap2M:     4014080 kB


CPU:total 4 (2 cores per cpu, 2 threads per core) family 6 model 42 stepping 7, cmov, cx8, fxsr, mmx, sse, sse2, sse3, ssse3, sse4.1, sse4.2, popcnt, avx, clmul, ht, tsc, tscinvbit

/proc/cpuinfo:
processor	: 0
vendor_id	: GenuineIntel
cpu family	: 6
model		: 42
model name	: Intel(R) Core(TM) i3-2328M CPU @ 2.20GHz
stepping	: 7
microcode	: 0x28
cpu MHz		: 2200.000
cache size	: 3072 KB
physical id	: 0
siblings	: 4
core id		: 0
cpu cores	: 2
apicid		: 0
initial apicid	: 0
fpu		: yes
fpu_exception	: yes
cpuid level	: 13
wp		: yes
flags		: fpu vme de pse tsc msr pae mce cx8 apic sep mtrr pge mca cmov pat pse36 clflush dts acpi mmx fxsr sse sse2 ss ht tm pbe syscall nx rdtscp lm constant_tsc arch_perfmon pebs bts rep_good nopl xtopology nonstop_tsc aperfmperf eagerfpu pni pclmulqdq dtes64 monitor ds_cpl vmx est tm2 ssse3 cx16 xtpr pdcm pcid sse4_1 sse4_2 x2apic popcnt tsc_deadline_timer xsave avx lahf_lm arat epb xsaveopt pln pts dtherm tpr_shadow vnmi flexpriority ept vpid
bogomips	: 4390.04
clflush size	: 64
cache_alignment	: 64
address sizes	: 36 bits physical, 48 bits virtual
power management:

processor	: 1
vendor_id	: GenuineIntel
cpu family	: 6
model		: 42
model name	: Intel(R) Core(TM) i3-2328M CPU @ 2.20GHz
stepping	: 7
microcode	: 0x28
cpu MHz		: 2200.000
cache size	: 3072 KB
physical id	: 0
siblings	: 4
core id		: 0
cpu cores	: 2
apicid		: 1
initial apicid	: 1
fpu		: yes
fpu_exception	: yes
cpuid level	: 13
wp		: yes
flags		: fpu vme de pse tsc msr pae mce cx8 apic sep mtrr pge mca cmov pat pse36 clflush dts acpi mmx fxsr sse sse2 ss ht tm pbe syscall nx rdtscp lm constant_tsc arch_perfmon pebs bts rep_good nopl xtopology nonstop_tsc aperfmperf eagerfpu pni pclmulqdq dtes64 monitor ds_cpl vmx est tm2 ssse3 cx16 xtpr pdcm pcid sse4_1 sse4_2 x2apic popcnt tsc_deadline_timer xsave avx lahf_lm arat epb xsaveopt pln pts dtherm tpr_shadow vnmi flexpriority ept vpid
bogomips	: 4390.04
clflush size	: 64
cache_alignment	: 64
address sizes	: 36 bits physical, 48 bits virtual
power management:

processor	: 2
vendor_id	: GenuineIntel
cpu family	: 6
model		: 42
model name	: Intel(R) Core(TM) i3-2328M CPU @ 2.20GHz
stepping	: 7
microcode	: 0x28
cpu MHz		: 2200.000
cache size	: 3072 KB
physical id	: 0
siblings	: 4
core id		: 1
cpu cores	: 2
apicid		: 2
initial apicid	: 2
fpu		: yes
fpu_exception	: yes
cpuid level	: 13
wp		: yes
flags		: fpu vme de pse tsc msr pae mce cx8 apic sep mtrr pge mca cmov pat pse36 clflush dts acpi mmx fxsr sse sse2 ss ht tm pbe syscall nx rdtscp lm constant_tsc arch_perfmon pebs bts rep_good nopl xtopology nonstop_tsc aperfmperf eagerfpu pni pclmulqdq dtes64 monitor ds_cpl vmx est tm2 ssse3 cx16 xtpr pdcm pcid sse4_1 sse4_2 x2apic popcnt tsc_deadline_timer xsave avx lahf_lm arat epb xsaveopt pln pts dtherm tpr_shadow vnmi flexpriority ept vpid
bogomips	: 4390.04
clflush size	: 64
cache_alignment	: 64
address sizes	: 36 bits physical, 48 bits virtual
power management:

processor	: 3
vendor_id	: GenuineIntel
cpu family	: 6
model		: 42
model name	: Intel(R) Core(TM) i3-2328M CPU @ 2.20GHz
stepping	: 7
microcode	: 0x28
cpu MHz		: 2200.000
cache size	: 3072 KB
physical id	: 0
siblings	: 4
core id		: 1
cpu cores	: 2
apicid		: 3
initial apicid	: 3
fpu		: yes
fpu_exception	: yes
cpuid level	: 13
wp		: yes
flags		: fpu vme de pse tsc msr pae mce cx8 apic sep mtrr pge mca cmov pat pse36 clflush dts acpi mmx fxsr sse sse2 ss ht tm pbe syscall nx rdtscp lm constant_tsc arch_perfmon pebs bts rep_good nopl xtopology nonstop_tsc aperfmperf eagerfpu pni pclmulqdq dtes64 monitor ds_cpl vmx est tm2 ssse3 cx16 xtpr pdcm pcid sse4_1 sse4_2 x2apic popcnt tsc_deadline_timer xsave avx lahf_lm arat epb xsaveopt pln pts dtherm tpr_shadow vnmi flexpriority ept vpid
bogomips	: 4390.04
clflush size	: 64
cache_alignment	: 64
address sizes	: 36 bits physical, 48 bits virtual
power management:



Memory: 4k page, physical 3942748k(2085956k free), swap 4088828k(3743484k free)

vm_info: Java HotSpot(TM) 64-Bit Server VM (25.25-b02) for linux-amd64 JRE (1.8.0_25-b17), built on Sep 17 2014 17:32:11 by "java_re" with gcc 4.3.0 20080428 (Red Hat 4.3.0-8)

time: Tue Jan 27 13:23:24 2015
elapsed time: 1397 seconds (0d 0h 23m 17s)

